#
# There is insufficient memory for the Java Runtime Environment to continue.
# Native memory allocation (malloc) failed to allocate 2250576 bytes for Chunk::new
# Possible reasons:
#   The system is out of physical RAM or swap space
#   In 32 bit mode, the process size limit was hit
# Possible solutions:
#   Reduce memory load on the system
#   Increase physical memory or swap space
#   Check if swap backing store is full
#   Use 64 bit Java on a 64 bit OS
#   Decrease Java heap size (-Xmx/-Xms)
#   Decrease number of Java threads
#   Decrease Java thread stack sizes (-Xss)
#   Set larger code cache with -XX:ReservedCodeCacheSize=
# This output file may be truncated or incomplete.
#
#  Out of Memory Error (allocation.cpp:390), pid=2904, tid=0x00000000000027f0
#
# JRE version: OpenJDK Runtime Environment (8.0_112-b06) (build 1.8.0_112-release-b06)
# Java VM: OpenJDK 64-Bit Server VM (25.112-b06 mixed mode windows-amd64 compressed oops)
# Failed to write core dump. Minidumps are not enabled by default on client versions of Windows
#

---------------  T H R E A D  ---------------

Current thread (0x0000000016baa800):  JavaThread "C2 CompilerThread1" daemon [_thread_in_native, id=10224, stack(0x0000000018310000,0x0000000018410000)]

Stack: [0x0000000018310000,0x0000000018410000]
[error occurred during error reporting (printing stack bounds), id 0xc0000005]

Native frames: (J=compiled Java code, j=interpreted, Vv=VM code, C=native code)


Current CompileTask:
C2:  28954 4115       4       com.sun.beans.TypeResolver::resolve (37 bytes)


---------------  P R O C E S S  ---------------

Java Threads: ( => current thread )
  0x0000000019cd7000 JavaThread "File lock request listener" [_thread_in_native, id=236, stack(0x000000001c550000,0x000000001c650000)]
  0x0000000019a0d800 JavaThread "Stdin handler" [_thread_blocked, id=13260, stack(0x000000001c250000,0x000000001c350000)]
  0x00000000199f6800 JavaThread "Asynchronous log dispatcher for DefaultDaemonConnection: socket connection from /127.0.0.1:62614 to /127.0.0.1:62616" [_thread_blocked, id=7436, stack(0x000000001c150000,0x000000001c250000)]
  0x00000000199f1000 JavaThread "Daemon worker" [_thread_blocked, id=2688, stack(0x000000001c050000,0x000000001c150000)]
  0x00000000199ef000 JavaThread "Cancel handler" [_thread_blocked, id=9692, stack(0x000000001bf50000,0x000000001c050000)]
  0x00000000196ae000 JavaThread "pool-1-thread-1" [_thread_blocked, id=5652, stack(0x000000001be50000,0x000000001bf50000)]
  0x000000001969c800 JavaThread "Handler for socket connection from /127.0.0.1:62614 to /127.0.0.1:62616" [_thread_in_native, id=12564, stack(0x000000001bd50000,0x000000001be50000)]
  0x000000001965e000 JavaThread "Daemon" [_thread_blocked, id=6948, stack(0x000000001bc50000,0x000000001bd50000)]
  0x00000000198a8800 JavaThread "Incoming local TCP Connector on port 62614" [_thread_in_native, id=12912, stack(0x000000001a2e0000,0x000000001a3e0000)]
  0x0000000018530800 JavaThread "Service Thread" daemon [_thread_blocked, id=11192, stack(0x0000000018910000,0x0000000018a10000)]
  0x0000000016bad000 JavaThread "C1 CompilerThread2" daemon [_thread_blocked, id=9948, stack(0x0000000018410000,0x0000000018510000)]
=>0x0000000016baa800 JavaThread "C2 CompilerThread1" daemon [_thread_in_native, id=10224, stack(0x0000000018310000,0x0000000018410000)]
  0x0000000016bb8000 JavaThread "C2 CompilerThread0" daemon [_thread_in_native, id=11572, stack(0x0000000018210000,0x0000000018310000)]
  0x0000000016bb6800 JavaThread "Attach Listener" daemon [_thread_blocked, id=5720, stack(0x0000000018110000,0x0000000018210000)]
  0x0000000016bb5800 JavaThread "Signal Dispatcher" daemon [_thread_blocked, id=13116, stack(0x0000000018010000,0x0000000018110000)]
  0x000000000323b000 JavaThread "Finalizer" daemon [_thread_blocked, id=4804, stack(0x0000000017e20000,0x0000000017f20000)]
  0x000000000322f800 JavaThread "Reference Handler" daemon [_thread_blocked, id=4060, stack(0x0000000017d20000,0x0000000017e20000)]
  0x000000000313e800 JavaThread "main" [_thread_blocked, id=11268, stack(0x0000000002f50000,0x0000000003050000)]

Other Threads:
  0x0000000016b75800 VMThread [stack: 0x0000000017c20000,0x0000000017d20000] [id=12928]
  0x0000000016bb2800 WatcherThread [stack: 0x0000000018a10000,0x0000000018b10000] [id=5584]

VM state:not at safepoint (normal execution)

VM Mutex/Monitor currently owned by a thread: None

Heap:
 PSYoungGen      total 74240K, used 55879K [0x00000000e0000000, 0x00000000e5480000, 0x0000000100000000)
  eden space 64000K, 81% used [0x00000000e0000000,0x00000000e32c3de0,0x00000000e3e80000)
  from space 10240K, 38% used [0x00000000e4a80000,0x00000000e4e4e200,0x00000000e5480000)
  to   space 11264K, 0% used [0x00000000e3e80000,0x00000000e3e80000,0x00000000e4980000)
 ParOldGen       total 87552K, used 16994K [0x00000000a0000000, 0x00000000a5580000, 0x00000000e0000000)
  object space 87552K, 19% used [0x00000000a0000000,0x00000000a10989c8,0x00000000a5580000)
 Metaspace       used 38724K, capacity 39598K, committed 39808K, reserved 1083392K
  class space    used 5203K, capacity 5435K, committed 5504K, reserved 1048576K

Card table byte_map: [0x0000000012600000,0x0000000012910000] byte_map_base: 0x0000000012100000

Marking Bits: (ParMarkBitMap*) 0x0000000071a118f0
 Begin Bits: [0x0000000012f10000, 0x0000000014710000)
 End Bits:   [0x0000000014710000, 0x0000000015f10000)

Polling page: 0x0000000000ff0000

CodeCache: size=245760Kb used=15114Kb max_used=15114Kb free=230645Kb
 bounds [0x0000000003240000, 0x0000000004120000, 0x0000000012240000]
 total_blobs=4623 nmethods=3905 adapters=630
 compilation: enabled

Compilation events (10 events):
Event: 28.922 Thread 0x0000000016bad000 4170       3       java.util.HashMap::putVal (300 bytes)
Event: 28.922 Thread 0x0000000016bad000 nmethod 4170 0x00000000040de510 code [0x00000000040de780, 0x00000000040dfa38]
Event: 28.927 Thread 0x0000000016bad000 4171       3       java.lang.invoke.MethodType::checkRtype (6 bytes)
Event: 28.927 Thread 0x0000000016bad000 nmethod 4171 0x000000000373b790 code [0x000000000373b900, 0x000000000373bb88]
Event: 28.927 Thread 0x0000000016bad000 4172       3       java.lang.invoke.MethodTypeForm::canonicalizeAll (66 bytes)
Event: 28.927 Thread 0x0000000016bad000 nmethod 4172 0x0000000003375d50 code [0x0000000003375f00, 0x0000000003376538]
Event: 28.927 Thread 0x0000000016bad000 4173       3       java.lang.invoke.MethodType$ConcurrentWeakInternSet$WeakEntry::<init> (15 bytes)
Event: 28.928 Thread 0x0000000016bad000 nmethod 4173 0x000000000373b090 code [0x000000000373b220, 0x000000000373b608]
Event: 28.931 Thread 0x0000000016bad000 4174       3       java.lang.Class::createAnnotationData (192 bytes)
Event: 28.931 Thread 0x0000000016bad000 nmethod 4174 0x00000000040dc350 code [0x00000000040dc660, 0x00000000040ddbb8]

GC Heap History (10 events):
Event: 18.497 GC heap before
{Heap before GC invocations=8 (full 1):
 PSYoungGen      total 39424K, used 39053K [0x00000000e0000000, 0x00000000e4480000, 0x0000000100000000)
  eden space 32768K, 100% used [0x00000000e0000000,0x00000000e2000000,0x00000000e2000000)
  from space 6656K, 94% used [0x00000000e3e00000,0x00000000e4423568,0x00000000e4480000)
  to   space 10240K, 0% used [0x00000000e3080000,0x00000000e3080000,0x00000000e3a80000)
 ParOldGen       total 60928K, used 9069K [0x00000000a0000000, 0x00000000a3b80000, 0x00000000e0000000)
  object space 60928K, 14% used [0x00000000a0000000,0x00000000a08db570,0x00000000a3b80000)
 Metaspace       used 29722K, capacity 30420K, committed 30464K, reserved 1075200K
  class space    used 4097K, capacity 4310K, committed 4352K, reserved 1048576K
Event: 18.503 GC heap after
Heap after GC invocations=8 (full 1):
 PSYoungGen      total 39424K, used 6673K [0x00000000e0000000, 0x00000000e3e80000, 0x0000000100000000)
  eden space 32256K, 0% used [0x00000000e0000000,0x00000000e0000000,0x00000000e1f80000)
  from space 7168K, 93% used [0x00000000e3080000,0x00000000e3704538,0x00000000e3780000)
  to   space 7168K, 0% used [0x00000000e3780000,0x00000000e3780000,0x00000000e3e80000)
 ParOldGen       total 60928K, used 9141K [0x00000000a0000000, 0x00000000a3b80000, 0x00000000e0000000)
  object space 60928K, 15% used [0x00000000a0000000,0x00000000a08ed580,0x00000000a3b80000)
 Metaspace       used 29722K, capacity 30420K, committed 30464K, reserved 1075200K
  class space    used 4097K, capacity 4310K, committed 4352K, reserved 1048576K
}
Event: 18.752 GC heap before
{Heap before GC invocations=9 (full 1):
 PSYoungGen      total 39424K, used 38929K [0x00000000e0000000, 0x00000000e3e80000, 0x0000000100000000)
  eden space 32256K, 100% used [0x00000000e0000000,0x00000000e1f80000,0x00000000e1f80000)
  from space 7168K, 93% used [0x00000000e3080000,0x00000000e3704538,0x00000000e3780000)
  to   space 7168K, 0% used [0x00000000e3780000,0x00000000e3780000,0x00000000e3e80000)
 ParOldGen       total 60928K, used 9141K [0x00000000a0000000, 0x00000000a3b80000, 0x00000000e0000000)
  object space 60928K, 15% used [0x00000000a0000000,0x00000000a08ed580,0x00000000a3b80000)
 Metaspace       used 30065K, capacity 30676K, committed 30720K, reserved 1075200K
  class space    used 4102K, capacity 4310K, committed 4352K, reserved 1048576K
Event: 18.758 GC heap after
Heap after GC invocations=9 (full 1):
 PSYoungGen      total 54272K, used 5648K [0x00000000e0000000, 0x00000000e4780000, 0x0000000100000000)
  eden space 47104K, 0% used [0x00000000e0000000,0x00000000e0000000,0x00000000e2e00000)
  from space 7168K, 78% used [0x00000000e3780000,0x00000000e3d04040,0x00000000e3e80000)
  to   space 9728K, 0% used [0x00000000e2e00000,0x00000000e2e00000,0x00000000e3780000)
 ParOldGen       total 60928K, used 9149K [0x00000000a0000000, 0x00000000a3b80000, 0x00000000e0000000)
  object space 60928K, 15% used [0x00000000a0000000,0x00000000a08ef580,0x00000000a3b80000)
 Metaspace       used 30065K, capacity 30676K, committed 30720K, reserved 1075200K
  class space    used 4102K, capacity 4310K, committed 4352K, reserved 1048576K
}
Event: 26.944 GC heap before
{Heap before GC invocations=10 (full 1):
 PSYoungGen      total 54272K, used 46856K [0x00000000e0000000, 0x00000000e4780000, 0x0000000100000000)
  eden space 47104K, 87% used [0x00000000e0000000,0x00000000e283e198,0x00000000e2e00000)
  from space 7168K, 78% used [0x00000000e3780000,0x00000000e3d04040,0x00000000e3e80000)
  to   space 9728K, 0% used [0x00000000e2e00000,0x00000000e2e00000,0x00000000e3780000)
 ParOldGen       total 60928K, used 9149K [0x00000000a0000000, 0x00000000a3b80000, 0x00000000e0000000)
  object space 60928K, 15% used [0x00000000a0000000,0x00000000a08ef580,0x00000000a3b80000)
 Metaspace       used 34588K, capacity 35244K, committed 35456K, reserved 1079296K
  class space    used 4679K, capacity 4877K, committed 4992K, reserved 1048576K
Event: 26.958 GC heap after
Heap after GC invocations=10 (full 1):
 PSYoungGen      total 56832K, used 9714K [0x00000000e0000000, 0x00000000e5580000, 0x0000000100000000)
  eden space 47104K, 0% used [0x00000000e0000000,0x00000000e0000000,0x00000000e2e00000)
  from space 9728K, 99% used [0x00000000e2e00000,0x00000000e377ca00,0x00000000e3780000)
  to   space 11264K, 0% used [0x00000000e4a80000,0x00000000e4a80000,0x00000000e5580000)
 ParOldGen       total 60928K, used 10154K [0x00000000a0000000, 0x00000000a3b80000, 0x00000000e0000000)
  object space 60928K, 16% used [0x00000000a0000000,0x00000000a09ea900,0x00000000a3b80000)
 Metaspace       used 34588K, capacity 35244K, committed 35456K, reserved 1079296K
  class space    used 4679K, capacity 4877K, committed 4992K, reserved 1048576K
}
Event: 26.958 GC heap before
{Heap before GC invocations=11 (full 2):
 PSYoungGen      total 56832K, used 9714K [0x00000000e0000000, 0x00000000e5580000, 0x0000000100000000)
  eden space 47104K, 0% used [0x00000000e0000000,0x00000000e0000000,0x00000000e2e00000)
  from space 9728K, 99% used [0x00000000e2e00000,0x00000000e377ca00,0x00000000e3780000)
  to   space 11264K, 0% used [0x00000000e4a80000,0x00000000e4a80000,0x00000000e5580000)
 ParOldGen       total 60928K, used 10154K [0x00000000a0000000, 0x00000000a3b80000, 0x00000000e0000000)
  object space 60928K, 16% used [0x00000000a0000000,0x00000000a09ea900,0x00000000a3b80000)
 Metaspace       used 34588K, capacity 35244K, committed 35456K, reserved 1079296K
  class space    used 4679K, capacity 4877K, committed 4992K, reserved 1048576K
Event: 27.053 GC heap after
Heap after GC invocations=11 (full 2):
 PSYoungGen      total 56832K, used 0K [0x00000000e0000000, 0x00000000e5580000, 0x0000000100000000)
  eden space 47104K, 0% used [0x00000000e0000000,0x00000000e0000000,0x00000000e2e00000)
  from space 9728K, 0% used [0x00000000e2e00000,0x00000000e2e00000,0x00000000e3780000)
  to   space 11264K, 0% used [0x00000000e4a80000,0x00000000e4a80000,0x00000000e5580000)
 ParOldGen       total 87552K, used 16986K [0x00000000a0000000, 0x00000000a5580000, 0x00000000e0000000)
  object space 87552K, 19% used [0x00000000a0000000,0x00000000a10969c8,0x00000000a5580000)
 Metaspace       used 34588K, capacity 35244K, committed 35456K, reserved 1079296K
  class space    used 4679K, capacity 4877K, committed 4992K, reserved 1048576K
}
Event: 27.888 GC heap before
{Heap before GC invocations=12 (full 2):
 PSYoungGen      total 56832K, used 47104K [0x00000000e0000000, 0x00000000e5580000, 0x0000000100000000)
  eden space 47104K, 100% used [0x00000000e0000000,0x00000000e2e00000,0x00000000e2e00000)
  from space 9728K, 0% used [0x00000000e2e00000,0x00000000e2e00000,0x00000000e3780000)
  to   space 11264K, 0% used [0x00000000e4a80000,0x00000000e4a80000,0x00000000e5580000)
 ParOldGen       total 87552K, used 16986K [0x00000000a0000000, 0x00000000a5580000, 0x00000000e0000000)
  object space 87552K, 19% used [0x00000000a0000000,0x00000000a10969c8,0x00000000a5580000)
 Metaspace       used 36880K, capacity 37606K, committed 37888K, reserved 1081344K
  class space    used 4949K, capacity 5118K, committed 5120K, reserved 1048576K
Event: 27.893 GC heap after
Heap after GC invocations=12 (full 2):
 PSYoungGen      total 74240K, used 3896K [0x00000000e0000000, 0x00000000e5480000, 0x0000000100000000)
  eden space 64000K, 0% used [0x00000000e0000000,0x00000000e0000000,0x00000000e3e80000)
  from space 10240K, 38% used [0x00000000e4a80000,0x00000000e4e4e200,0x00000000e5480000)
  to   space 11264K, 0% used [0x00000000e3e80000,0x00000000e3e80000,0x00000000e4980000)
 ParOldGen       total 87552K, used 16994K [0x00000000a0000000, 0x00000000a5580000, 0x00000000e0000000)
  object space 87552K, 19% used [0x00000000a0000000,0x00000000a10989c8,0x00000000a5580000)
 Metaspace       used 36880K, capacity 37606K, committed 37888K, reserved 1081344K
  class space    used 4949K, capacity 5118K, committed 5120K, reserved 1048576K
}

Deoptimization events (10 events):
Event: 27.914 Thread 0x00000000199f1000 Uncommon trap: reason=unstable_if action=reinterpret pc=0x0000000004034de4 method=java.util.HashMap.putVal(ILjava/lang/Object;Ljava/lang/Object;ZZ)Ljava/lang/Object; @ 236
Event: 27.940 Thread 0x00000000199f1000 Uncommon trap: reason=unstable_if action=reinterpret pc=0x000000000378127c method=java.lang.CharacterDataLatin1.isWhitespace(I)Z @ 14
Event: 28.090 Thread 0x00000000199f1000 Uncommon trap: reason=unstable_if action=reinterpret pc=0x00000000039b34ec method=java.security.CodeSource.getCertificates()[Ljava/security/cert/Certificate; @ 22
Event: 28.111 Thread 0x00000000199f1000 Uncommon trap: reason=unstable_if action=reinterpret pc=0x0000000003e89200 method=java.util.LinkedHashMap.get(Ljava/lang/Object;)Ljava/lang/Object; @ 20
Event: 28.360 Thread 0x00000000199f1000 Uncommon trap: reason=unstable_if action=reinterpret pc=0x0000000003a498a8 method=groovy.lang.MetaClassImpl$1MOPIter.processFastArray(Lorg/codehaus/groovy/util/FastArray;)V @ 85
Event: 28.361 Thread 0x00000000199f1000 Uncommon trap: reason=bimorphic action=maybe_recompile pc=0x0000000003a21cbc method=java.util.Arrays.binarySearch0([Ljava/lang/Object;IILjava/lang/Object;Ljava/util/Comparator;)I @ 48
Event: 28.361 Thread 0x00000000199f1000 Uncommon trap: reason=bimorphic action=maybe_recompile pc=0x0000000003a21cbc method=java.util.Arrays.binarySearch0([Ljava/lang/Object;IILjava/lang/Object;Ljava/util/Comparator;)I @ 48
Event: 28.361 Thread 0x00000000199f1000 Uncommon trap: reason=bimorphic action=maybe_recompile pc=0x0000000003a21cbc method=java.util.Arrays.binarySearch0([Ljava/lang/Object;IILjava/lang/Object;Ljava/util/Comparator;)I @ 48
Event: 28.361 Thread 0x00000000199f1000 Uncommon trap: reason=bimorphic action=maybe_recompile pc=0x0000000003a21cbc method=java.util.Arrays.binarySearch0([Ljava/lang/Object;IILjava/lang/Object;Ljava/util/Comparator;)I @ 48
Event: 28.825 Thread 0x00000000199f1000 Uncommon trap: reason=unstable_if action=reinterpret pc=0x000000000402c494 method=java.util.HashMap$HashIterator.<init>(Ljava/util/HashMap;)V @ 45

Internal exceptions (10 events):
Event: 28.814 Thread 0x00000000199f1000 Exception <a 'java/lang/ClassNotFoundException': org/gradle/api/internal/artifacts/dependencies/DefaultExternalModuleDependency_DecoratedBeanInfo> (0x00000000e2c74c88) thrown at [C:\src\android\AOSP-openjdk\external\jetbrains\jdk\hotspot\src\share\vm\class¯ß9á–<@
Event: 28.815 Thread 0x00000000199f1000 Exception <a 'java/lang/ClassNotFoundException': org/gradle/api/internal/artifacts/dependencies/DefaultExternalModuleDependencyBeanInfo> (0x00000000e2cae7c8) thrown at [C:\src\android\AOSP-openjdk\external\jetbrains\jdk\hotspot\src\share\vm\classfile\syste#w}47—<@
Event: 28.817 Thread 0x00000000199f1000 Exception <a 'java/lang/ClassNotFoundException': org/gradle/api/internal/artifacts/dependencies/AbstractExternalModuleDependencyBeanInfo> (0x00000000e2ce94d8) thrown at [C:\src\android\AOSP-openjdk\external\jetbrains\jdk\hotspot\src\share\vm\classfile\systô_t![—<@
Event: 28.818 Thread 0x00000000199f1000 Exception <a 'java/lang/ClassNotFoundException': org/gradle/api/internal/artifacts/dependencies/AbstractModuleDependencyBeanInfo> (0x00000000e2d20540) thrown at [C:\src\android\AOSP-openjdk\external\jetbrains\jdk\hotspot\src\share\vm\classfile\systemDictio
Event: 28.818 Thread 0x00000000199f1000 Exception <a 'java/lang/ClassNotFoundException': org/gradle/api/internal/artifacts/dependencies/AbstractDependencyBeanInfo> (0x00000000e2d545b8) thrown at [C:\src\android\AOSP-openjdk\external\jetbrains\jdk\hotspot\src\share\vm\classfile\systemDictionary.câò{;¬—<@
Event: 28.819 Thread 0x00000000199f1000 Exception <a 'java/lang/ClassNotFoundException': org/gradle/api/internal/artifacts/dependencies/AbstractDependencyCustomizer> (0x00000000e2d8a2f0) thrown at [C:\src\android\AOSP-openjdk\external\jetbrains\jdk\hotspot\src\share\vm\classfile\systemDictionaryÅ/§ªÂ—<@
Event: 28.820 Thread 0x00000000199f1000 Exception <a 'java/lang/ClassNotFoundException': org/gradle/api/internal/artifacts/dependencies/AbstractModuleDependencyCustomizer> (0x00000000e2dc4bb0) thrown at [C:\src\android\AOSP-openjdk\external\jetbrains\jdk\hotspot\src\share\vm\classfile\systemDictñÈUE“<@
Event: 28.821 Thread 0x00000000199f1000 Exception <a 'java/lang/ClassNotFoundException': org/gradle/api/internal/artifacts/dependencies/AbstractExternalModuleDependencyCustomizer> (0x00000000e2e13a18) thrown at [C:\src\android\AOSP-openjdk\external\jetbrains\jdk\hotspot\src\share\vm\classfile\syAÓÎ>p“<@
Event: 28.822 Thread 0x00000000199f1000 Exception <a 'java/lang/ClassNotFoundException': org/gradle/api/internal/artifacts/dependencies/DefaultExternalModuleDependencyCustomizer> (0x00000000e2e5b150) thrown at [C:\src\android\AOSP-openjdk\external\jetbrains\jdk\hotspot\src\share\vm\classfile\sys{]ñ“<@
Event: 28.823 Thread 0x00000000199f1000 Exception <a 'java/lang/ClassNotFoundException': org/gradle/api/internal/artifacts/dependencies/DefaultExternalModuleDependency_DecoratedCustomizer> (0x00000000e2ea6c10) thrown at [C:\src\android\AOSP-openjdk\external\jetbrains\jdk\hotspot\src\share\vm\cla˝ÄµK\–<@

Events (10 events):
Event: 28.941 loading class com/android/repository/impl/generated/v1/LicenseRefType
Event: 28.941 loading class com/android/repository/impl/generated/v1/LicenseRefType done
Event: 28.942 loading class com/android/repository/api/Repository
Event: 28.942 loading class com/android/repository/api/Repository done
Event: 28.942 loading class com/android/repository/impl/generated/v1/RepositoryType
Event: 28.942 loading class com/android/repository/impl/generated/v1/RepositoryType done
Event: 28.942 loading class com/android/repository/impl/meta/RepoPackageImpl$Archives
Event: 28.942 loading class com/android/repository/impl/meta/RepoPackageImpl$Archives done
Event: 28.942 loading class com/android/repository/impl/generated/v1/ArchivesType
Event: 28.942 loading class com/android/repository/impl/generated/v1/ArchivesType done


Dynamic libraries:
0x00007ff6473e0000 - 0x00007ff647411000 	D:\Android\Android STU\jre\bin\java.exe
0x00007ff9dcec0000 - 0x00007ff9dd09b000 	C:\WINDOWS\SYSTEM32\ntdll.dll
0x00007ff9daeb0000 - 0x00007ff9daf5e000 	C:\WINDOWS\System32\KERNEL32.DLL
0x00007ff9d93e0000 - 0x00007ff9d9629000 	C:\WINDOWS\System32\KERNELBASE.dll
0x00007ff9dcdb0000 - 0x00007ff9dce51000 	C:\WINDOWS\System32\ADVAPI32.dll
0x00007ff9db740000 - 0x00007ff9db7dd000 	C:\WINDOWS\System32\msvcrt.dll
0x00007ff9dce60000 - 0x00007ff9dceb9000 	C:\WINDOWS\System32\sechost.dll
0x00007ff9dac30000 - 0x00007ff9dad55000 	C:\WINDOWS\System32\RPCRT4.dll
0x00007ff9db3e0000 - 0x00007ff9db52a000 	C:\WINDOWS\System32\USER32.dll
0x00007ff9d96e0000 - 0x00007ff9d96fe000 	C:\WINDOWS\System32\win32u.dll
0x00007ff9db7e0000 - 0x00007ff9db807000 	C:\WINDOWS\System32\GDI32.dll
0x00007ff9d9750000 - 0x00007ff9d98d9000 	C:\WINDOWS\System32\gdi32full.dll
0x00007ff9d98e0000 - 0x00007ff9d997a000 	C:\WINDOWS\System32\msvcp_win.dll
0x00007ff9da2b0000 - 0x00007ff9da3a6000 	C:\WINDOWS\System32\ucrtbase.dll
0x00007ff9d3550000 - 0x00007ff9d37b7000 	C:\WINDOWS\WinSxS\amd64_microsoft.windows.common-controls_6595b64144ccf1df_6.0.15063.0_none_108e4f62dfe5d999\COMCTL32.dll
0x00007ff9da930000 - 0x00007ff9dac29000 	C:\WINDOWS\System32\combase.dll
0x00007ff9da3b0000 - 0x00007ff9da41a000 	C:\WINDOWS\System32\bcryptPrimitives.dll
0x00007ff9db530000 - 0x00007ff9db55d000 	C:\WINDOWS\System32\IMM32.DLL
0x0000000071090000 - 0x0000000071162000 	D:\Android\Android STU\jre\jre\bin\msvcr100.dll
0x0000000071250000 - 0x0000000071a8c000 	D:\Android\Android STU\jre\jre\bin\server\jvm.dll
0x00007ff9da8c0000 - 0x00007ff9da8c8000 	C:\WINDOWS\System32\PSAPI.DLL
0x00007ff9d40d0000 - 0x00007ff9d40d9000 	C:\WINDOWS\SYSTEM32\WSOCK32.dll
0x00007ff9db6d0000 - 0x00007ff9db73c000 	C:\WINDOWS\System32\WS2_32.dll
0x00007ff9d23a0000 - 0x00007ff9d23c3000 	C:\WINDOWS\SYSTEM32\WINMM.dll
0x00007ff9d4580000 - 0x00007ff9d458a000 	C:\WINDOWS\SYSTEM32\VERSION.dll
0x00007ff9cfe50000 - 0x00007ff9cfe7b000 	C:\WINDOWS\SYSTEM32\WINMMBASE.dll
0x00007ff9d9700000 - 0x00007ff9d9749000 	C:\WINDOWS\System32\cfgmgr32.dll
0x00007ff9d4550000 - 0x00007ff9d455f000 	D:\Android\Android STU\jre\jre\bin\verify.dll
0x00007ff9cc260000 - 0x00007ff9cc289000 	D:\Android\Android STU\jre\jre\bin\java.dll
0x00007ff9ccd70000 - 0x00007ff9ccd86000 	D:\Android\Android STU\jre\jre\bin\zip.dll
0x00007ff9db8d0000 - 0x00007ff9dcd07000 	C:\WINDOWS\System32\SHELL32.dll
0x00007ff9db130000 - 0x00007ff9db1da000 	C:\WINDOWS\System32\shcore.dll
0x00007ff9d99e0000 - 0x00007ff9da0d2000 	C:\WINDOWS\System32\windows.storage.dll
0x00007ff9db1e0000 - 0x00007ff9db231000 	C:\WINDOWS\System32\shlwapi.dll
0x00007ff9d9350000 - 0x00007ff9d9361000 	C:\WINDOWS\System32\kernel.appcore.dll
0x00007ff9d9370000 - 0x00007ff9d93bc000 	C:\WINDOWS\System32\powrprof.dll
0x00007ff9d9330000 - 0x00007ff9d9345000 	C:\WINDOWS\System32\profapi.dll
0x00007ff9cc8a0000 - 0x00007ff9cc8ba000 	D:\Android\Android STU\jre\jre\bin\net.dll
0x00007ff9d8be0000 - 0x00007ff9d8c3c000 	C:\WINDOWS\system32\mswsock.dll
0x00007ff9cc510000 - 0x00007ff9cc521000 	D:\Android\Android STU\jre\jre\bin\nio.dll
0x00007ff9d5070000 - 0x00007ff9d508e000 	C:\Users\mthu1\.gradle\native\23\windows-amd64\native-platform.dll
0x00007ff9d8d80000 - 0x00007ff9d8d97000 	C:\WINDOWS\SYSTEM32\CRYPTSP.dll
0x00007ff9d8800000 - 0x00007ff9d8834000 	C:\WINDOWS\system32\rsaenh.dll
0x00007ff9d9200000 - 0x00007ff9d9225000 	C:\WINDOWS\SYSTEM32\bcrypt.dll
0x00007ff9d9260000 - 0x00007ff9d9289000 	C:\WINDOWS\SYSTEM32\USERENV.dll
0x00007ff9d8da0000 - 0x00007ff9d8dab000 	C:\WINDOWS\SYSTEM32\CRYPTBASE.dll
0x00007ff9d8980000 - 0x00007ff9d89b7000 	C:\WINDOWS\SYSTEM32\IPHLPAPI.DLL
0x00007ff9db830000 - 0x00007ff9db838000 	C:\WINDOWS\System32\NSI.dll
0x00007ff9d5140000 - 0x00007ff9d5156000 	C:\WINDOWS\SYSTEM32\dhcpcsvc6.DLL
0x00007ff9d5720000 - 0x00007ff9d573a000 	C:\WINDOWS\SYSTEM32\dhcpcsvc.DLL
0x00007ff9d4540000 - 0x00007ff9d454d000 	D:\Android\Android STU\jre\jre\bin\management.dll

VM Arguments:
jvm_args: -Xmx1536m -Dfile.encoding=windows-1252 -Duser.country=US -Duser.language=en -Duser.variant 
java_command: org.gradle.launcher.daemon.bootstrap.GradleDaemon 3.3
java_class_path (initial): C:\Users\mthu1\.gradle\wrapper\dists\gradle-3.3-all\55gk2rcmfc6p2dg9u9ohc3hw9\gradle-3.3\lib\gradle-launcher-3.3.jar
Launcher Type: SUN_STANDARD

Environment Variables:
PATH=C:\ProgramData\Oracle\Java\javapath;C:\WINDOWS\system32;C:\WINDOWS;C:\WINDOWS\System32\Wbem;C:\WINDOWS\System32\WindowsPowerShell\v1.0\;C:\Program Files\Git\cmd;C:\Program Files (x86)\GtkSharp\2.12\bin;C:\Users\mthu1\AppData\Local\Microsoft\WindowsApps;
USERNAME=mthu1
OS=Windows_NT
PROCESSOR_IDENTIFIER=Intel64 Family 6 Model 158 Stepping 9, GenuineIntel



---------------  S Y S T E M  ---------------

OS: Windows 10.0 , 64 bit Build 15063 (10.0.15063.296)

CPU:total 4 (4 cores per cpu, 1 threads per core) family 6 model 158 stepping 9, cmov, cx8, fxsr, mmx, sse, sse2, sse3, ssse3, sse4.1, sse4.2, popcnt, avx, avx2, aes, clmul, erms, 3dnowpref, lzcnt, tsc, tscinvbit, bmi1, bmi2, adx

Memory: 4k page, physical 8294956k(1232016k free), swap 8294956k(5576k free)

vm_info: OpenJDK 64-Bit Server VM (25.112-b06) for windows-amd64 JRE (1.8.0_112-release-b06), built on Dec  8 2016 00:54:26 by "builder" with MS VC++ 10.0 (VS2010)

time: Tue May 23 14:01:48 2017
elapsed time: 28 seconds (0d 0h 0m 28s)

