#
# There is insufficient memory for the Java Runtime Environment to continue.
# Native memory allocation (malloc) failed to allocate 98576 bytes for Chunk::new
# Possible reasons:
#   The system is out of physical RAM or swap space
#   In 32 bit mode, the process size limit was hit
# Possible solutions:
#   Reduce memory load on the system
#   Increase physical memory or swap space
#   Check if swap backing store is full
#   Use 64 bit Java on a 64 bit OS
#   Decrease Java heap size (-Xmx/-Xms)
#   Decrease number of Java threads
#   Decrease Java thread stack sizes (-Xss)
#   Set larger code cache with -XX:ReservedCodeCacheSize=
# This output file may be truncated or incomplete.
#
#  Out of Memory Error (allocation.cpp:390), pid=596, tid=0x0000000000000e54
#
# JRE version: OpenJDK Runtime Environment (8.0_112-b06) (build 1.8.0_112-release-b06)
# Java VM: OpenJDK 64-Bit Server VM (25.112-b06 mixed mode windows-amd64 compressed oops)
# Failed to write core dump. Minidumps are not enabled by default on client versions of Windows
#

---------------  T H R E A D  ---------------

Current thread (0x000000002e7bb800):  JavaThread "C2 CompilerThread0" daemon [_thread_in_native, id=3668, stack(0x000000002fe00000,0x000000002ff00000)]

Stack: [0x000000002fe00000,0x000000002ff00000]
[error occurred during error reporting (printing stack bounds), id 0xc0000005]

Native frames: (J=compiled Java code, j=interpreted, Vv=VM code, C=native code)


Current CompileTask:
C2:    453 1015       4       com.android.dx.ssa.SsaBasicBlock::forEachInsn (37 bytes)


---------------  P R O C E S S  ---------------

Java Threads: ( => current thread )
  0x0000000030346800 JavaThread "pool-2-thread-4" [_thread_blocked, id=8376, stack(0x0000000030b00000,0x0000000030c00000)]
  0x0000000030322800 JavaThread "pool-2-thread-3" [_thread_in_Java, id=4916, stack(0x0000000030a00000,0x0000000030b00000)]
  0x000000003025a000 JavaThread "pool-2-thread-2" [_thread_in_Java, id=5280, stack(0x0000000030900000,0x0000000030a00000)]
  0x000000003024e000 JavaThread "pool-3-thread-1" [_thread_blocked, id=588, stack(0x0000000030800000,0x0000000030900000)]
  0x0000000030255000 JavaThread "pool-2-thread-1" [_thread_blocked, id=6676, stack(0x0000000030700000,0x0000000030800000)]
  0x0000000030103800 JavaThread "Service Thread" daemon [_thread_blocked, id=3156, stack(0x0000000030500000,0x0000000030600000)]
  0x000000002e81b800 JavaThread "C1 CompilerThread2" daemon [_thread_blocked, id=3840, stack(0x0000000030000000,0x0000000030100000)]
  0x000000002e815000 JavaThread "C2 CompilerThread1" daemon [_thread_in_native, id=4708, stack(0x000000002ff00000,0x0000000030000000)]
=>0x000000002e7bb800 JavaThread "C2 CompilerThread0" daemon [_thread_in_native, id=3668, stack(0x000000002fe00000,0x000000002ff00000)]
  0x000000002e7ba000 JavaThread "Attach Listener" daemon [_thread_blocked, id=6528, stack(0x000000002fd00000,0x000000002fe00000)]
  0x000000002e7b8800 JavaThread "Signal Dispatcher" daemon [_thread_blocked, id=5184, stack(0x000000002fc00000,0x000000002fd00000)]
  0x0000000002559800 JavaThread "Finalizer" daemon [_thread_blocked, id=4104, stack(0x000000002fa10000,0x000000002fb10000)]
  0x000000002e787000 JavaThread "Reference Handler" daemon [_thread_blocked, id=7368, stack(0x000000002f910000,0x000000002fa10000)]
  0x0000000002460800 JavaThread "main" [_thread_in_Java, id=3168, stack(0x0000000002360000,0x0000000002460000)]

Other Threads:
  0x000000002e786000 VMThread [stack: 0x000000002f810000,0x000000002f910000] [id=6116]
  0x0000000030104800 WatcherThread [stack: 0x0000000030600000,0x0000000030700000] [id=1180]

VM state:not at safepoint (normal execution)

VM Mutex/Monitor currently owned by a thread: None

Heap:
 PSYoungGen      total 38400K, used 11652K [0x00000006c0000000, 0x00000006c4b00000, 0x00000007c0000000)
  eden space 33280K, 19% used [0x00000006c0000000,0x00000006c0666ed8,0x00000006c2080000)
  from space 5120K, 99% used [0x00000006c2080000,0x00000006c257a418,0x00000006c2580000)
  to   space 5120K, 0% used [0x00000006c4600000,0x00000006c4600000,0x00000006c4b00000)
 ParOldGen       total 87552K, used 2397K [0x00000004c0000000, 0x00000004c5580000, 0x00000006c0000000)
  object space 87552K, 2% used [0x00000004c0000000,0x00000004c02576b8,0x00000004c5580000)
 Metaspace       used 5694K, capacity 6832K, committed 7040K, reserved 1056768K
  class space    used 559K, capacity 616K, committed 640K, reserved 1048576K

Card table byte_map: [0x0000000011920000,0x0000000013130000] byte_map_base: 0x000000000f320000

Marking Bits: (ParMarkBitMap*) 0x0000000071c718f0
 Begin Bits: [0x0000000014530000, 0x0000000020530000)
 End Bits:   [0x0000000020530000, 0x000000002c530000)

Polling page: 0x0000000000690000

CodeCache: size=245760Kb used=4314Kb max_used=4327Kb free=241445Kb
 bounds [0x0000000002560000, 0x00000000029a0000, 0x0000000011560000]
 total_blobs=1372 nmethods=1111 adapters=175
 compilation: enabled

Compilation events (10 events):
Event: 0.444 Thread 0x000000002e81b800 1123       2       com.android.dx.ssa.back.IdenticalBlockCombiner::compareInsns (12 bytes)
Event: 0.444 Thread 0x000000002e81b800 nmethod 1123 0x0000000002995f10 code [0x0000000002996080, 0x00000000029961e8]
Event: 0.444 Thread 0x000000002e81b800 1127       2       java.util.TreeMap$Values::iterator (19 bytes)
Event: 0.444 Thread 0x000000002e81b800 nmethod 1127 0x0000000002996310 code [0x0000000002996480, 0x0000000002996710]
Event: 0.444 Thread 0x000000002e81b800 1100       1       com.android.dx.dex.file.StringIdItem::getValue (5 bytes)
Event: 0.444 Thread 0x000000002e81b800 nmethod 1100 0x0000000002996850 code [0x00000000029969a0, 0x0000000002996ab0]
Event: 0.444 Thread 0x000000002e81b800 1122       1       java.util.HashMap::size (5 bytes)
Event: 0.444 Thread 0x000000002e81b800 nmethod 1122 0x0000000002996b10 code [0x0000000002996c60, 0x0000000002996d70]
Event: 0.444 Thread 0x000000002e81b800 1129       1       java.util.HashMap::afterNodeAccess (1 bytes)
Event: 0.444 Thread 0x000000002e81b800 nmethod 1129 0x0000000002996dd0 code [0x0000000002996f20, 0x0000000002997030]

GC Heap History (2 events):
Event: 0.412 GC heap before
{Heap before GC invocations=1 (full 0):
 PSYoungGen      total 38400K, used 33280K [0x00000006c0000000, 0x00000006c2a80000, 0x00000007c0000000)
  eden space 33280K, 100% used [0x00000006c0000000,0x00000006c2080000,0x00000006c2080000)
  from space 5120K, 0% used [0x00000006c2580000,0x00000006c2580000,0x00000006c2a80000)
  to   space 5120K, 0% used [0x00000006c2080000,0x00000006c2080000,0x00000006c2580000)
 ParOldGen       total 87552K, used 0K [0x00000004c0000000, 0x00000004c5580000, 0x00000006c0000000)
  object space 87552K, 0% used [0x00000004c0000000,0x00000004c0000000,0x00000004c5580000)
 Metaspace       used 5663K, capacity 6832K, committed 7040K, reserved 1056768K
  class space    used 557K, capacity 616K, committed 640K, reserved 1048576K
Event: 0.425 GC heap after
Heap after GC invocations=1 (full 0):
 PSYoungGen      total 38400K, used 5097K [0x00000006c0000000, 0x00000006c4b00000, 0x00000007c0000000)
  eden space 33280K, 0% used [0x00000006c0000000,0x00000006c0000000,0x00000006c2080000)
  from space 5120K, 99% used [0x00000006c2080000,0x00000006c257a418,0x00000006c2580000)
  to   space 5120K, 0% used [0x00000006c4600000,0x00000006c4600000,0x00000006c4b00000)
 ParOldGen       total 87552K, used 2397K [0x00000004c0000000, 0x00000004c5580000, 0x00000006c0000000)
  object space 87552K, 2% used [0x00000004c0000000,0x00000004c02576b8,0x00000004c5580000)
 Metaspace       used 5663K, capacity 6832K, committed 7040K, reserved 1056768K
  class space    used 557K, capacity 616K, committed 640K, reserved 1048576K
}

Deoptimization events (10 events):
Event: 0.346 Thread 0x0000000030322800 Uncommon trap: reason=unloaded action=reinterpret pc=0x00000000027ec93c method=com.android.dx.ssa.SsaRenamer$BlockRenamer.visitMoveInsn(Lcom/android/dx/ssa/NormalSsaInsn;)V @ 208
Event: 0.347 Thread 0x0000000030322800 Uncommon trap: reason=unstable_if action=reinterpret pc=0x000000000285a630 method=com.android.dx.ssa.NormalSsaInsn.getLocalAssignment()Lcom/android/dx/rop/code/RegisterSpec; @ 12
Event: 0.347 Thread 0x0000000030322800 Uncommon trap: reason=unstable_if action=reinterpret pc=0x0000000002888c74 method=com.android.dx.ssa.NormalSsaInsn.getLocalAssignment()Lcom/android/dx/rop/code/RegisterSpec; @ 12
Event: 0.363 Thread 0x000000003025a000 Uncommon trap: reason=unstable_if action=reinterpret pc=0x00000000027aa078 method=java.util.BitSet.ensureCapacity(I)V @ 6
Event: 0.382 Thread 0x0000000030322800 Uncommon trap: reason=unstable_if action=reinterpret pc=0x00000000028b5280 method=com.android.dx.cf.code.Ropper.labelToResultIndex(I)I @ 34
Event: 0.382 Thread 0x0000000030322800 Uncommon trap: reason=class_check action=maybe_recompile pc=0x000000000280f970 method=com.android.dx.rop.type.Type.equals(Ljava/lang/Object;)Z @ 8
Event: 0.384 Thread 0x0000000030322800 Uncommon trap: reason=class_check action=maybe_recompile pc=0x000000000280f970 method=com.android.dx.rop.type.Type.equals(Ljava/lang/Object;)Z @ 8
Event: 0.384 Thread 0x0000000030322800 Uncommon trap: reason=class_check action=maybe_recompile pc=0x000000000280f970 method=com.android.dx.rop.type.Type.equals(Ljava/lang/Object;)Z @ 8
Event: 0.412 Thread 0x0000000030255000 Uncommon trap: reason=null_check action=make_not_entrant pc=0x000000000280f980 method=com.android.dx.rop.type.Type.equals(Ljava/lang/Object;)Z @ 8
Event: 0.439 Thread 0x0000000030346800 Uncommon trap: reason=class_check action=maybe_recompile pc=0x000000000298a68c method=com.android.dx.ssa.NormalSsaInsn.accept(Lcom/android/dx/ssa/SsaInsn$Visitor;)V @ 9

Internal exceptions (3 events):
Event: 0.021 Thread 0x0000000002460800 Exception <a 'java/lang/NoSuchMethodError': Method sun.misc.Unsafe.defineClass(Ljava/lang/String;[BII)Ljava/lang/Class; name or signature does not match> (0x00000006c0007c78) thrown at [C:\src\android\AOSP-openjdk\external\jetbrains\jdk\hotspot\src\share\v¥Cb@
•?
Event: 0.021 Thread 0x0000000002460800 Exception <a 'java/lang/NoSuchMethodError': Method sun.misc.Unsafe.prefetchRead(Ljava/lang/Object;J)V name or signature does not match> (0x00000006c0007f60) thrown at [C:\src\android\AOSP-openjdk\external\jetbrains\jdk\hotspot\src\share\vm\prims\jni.cpp, lJÉR?ÒXÚ?
Event: 0.412 Thread 0x0000000030255000 Implicit null exception at 0x000000000280f862 to 0x000000000280f971

Events (10 events):
Event: 0.426 loading class com/android/dx/cf/attrib/AttRuntimeVisibleAnnotations done
Event: 0.438 loading class java/util/TreeMap$EntrySet
Event: 0.438 loading class java/util/TreeMap$EntrySet done
Event: 0.438 loading class java/util/TreeMap$EntryIterator
Event: 0.438 loading class java/util/TreeMap$EntryIterator done
Event: 0.438 Executing VM operation: Deoptimize
Event: 0.438 Executing VM operation: Deoptimize done
Event: 0.439 Thread 0x0000000030346800 Uncommon trap: trap_request=0xffffffde fr.pc=0x000000000298a68c
Event: 0.439 Thread 0x0000000030346800 DEOPT PACKING pc=0x000000000298a68c sp=0x0000000030bfe820
Event: 0.439 Thread 0x0000000030346800 DEOPT UNPACKING pc=0x00000000025a556a sp=0x0000000030bfe860 mode 2


Dynamic libraries:
0x00007ff7360a0000 - 0x00007ff7360d1000 	D:\Android\Android STU\jre\bin\java.exe
0x00007ff9dcec0000 - 0x00007ff9dd09b000 	C:\WINDOWS\SYSTEM32\ntdll.dll
0x00007ff9daeb0000 - 0x00007ff9daf5e000 	C:\WINDOWS\System32\KERNEL32.DLL
0x00007ff9d93e0000 - 0x00007ff9d9629000 	C:\WINDOWS\System32\KERNELBASE.dll
0x00007ff9dcdb0000 - 0x00007ff9dce51000 	C:\WINDOWS\System32\ADVAPI32.dll
0x00007ff9db740000 - 0x00007ff9db7dd000 	C:\WINDOWS\System32\msvcrt.dll
0x00007ff9dce60000 - 0x00007ff9dceb9000 	C:\WINDOWS\System32\sechost.dll
0x00007ff9dac30000 - 0x00007ff9dad55000 	C:\WINDOWS\System32\RPCRT4.dll
0x00007ff9db3e0000 - 0x00007ff9db52a000 	C:\WINDOWS\System32\USER32.dll
0x00007ff9d96e0000 - 0x00007ff9d96fe000 	C:\WINDOWS\System32\win32u.dll
0x00007ff9db7e0000 - 0x00007ff9db807000 	C:\WINDOWS\System32\GDI32.dll
0x00007ff9d9750000 - 0x00007ff9d98d9000 	C:\WINDOWS\System32\gdi32full.dll
0x00007ff9d98e0000 - 0x00007ff9d997a000 	C:\WINDOWS\System32\msvcp_win.dll
0x00007ff9da2b0000 - 0x00007ff9da3a6000 	C:\WINDOWS\System32\ucrtbase.dll
0x00007ff9d3550000 - 0x00007ff9d37b7000 	C:\WINDOWS\WinSxS\amd64_microsoft.windows.common-controls_6595b64144ccf1df_6.0.15063.0_none_108e4f62dfe5d999\COMCTL32.dll
0x00007ff9da930000 - 0x00007ff9dac29000 	C:\WINDOWS\System32\combase.dll
0x00007ff9da3b0000 - 0x00007ff9da41a000 	C:\WINDOWS\System32\bcryptPrimitives.dll
0x00007ff9db530000 - 0x00007ff9db55d000 	C:\WINDOWS\System32\IMM32.DLL
0x00000000713d0000 - 0x00000000714a2000 	D:\Android\Android STU\jre\jre\bin\msvcr100.dll
0x00000000714b0000 - 0x0000000071cec000 	D:\Android\Android STU\jre\jre\bin\server\jvm.dll
0x00007ff9da8c0000 - 0x00007ff9da8c8000 	C:\WINDOWS\System32\PSAPI.DLL
0x00007ff9cfe80000 - 0x00007ff9cfe89000 	C:\WINDOWS\SYSTEM32\WSOCK32.dll
0x00007ff9db6d0000 - 0x00007ff9db73c000 	C:\WINDOWS\System32\WS2_32.dll
0x00007ff9d23a0000 - 0x00007ff9d23c3000 	C:\WINDOWS\SYSTEM32\WINMM.dll
0x00007ff9d4580000 - 0x00007ff9d458a000 	C:\WINDOWS\SYSTEM32\VERSION.dll
0x00007ff9cfe50000 - 0x00007ff9cfe7b000 	C:\WINDOWS\SYSTEM32\WINMMBASE.dll
0x00007ff9d9700000 - 0x00007ff9d9749000 	C:\WINDOWS\System32\cfgmgr32.dll
0x00007ff9d5e20000 - 0x00007ff9d5e2f000 	D:\Android\Android STU\jre\jre\bin\verify.dll
0x00007ff9ccbe0000 - 0x00007ff9ccc09000 	D:\Android\Android STU\jre\jre\bin\java.dll
0x00007ff9ccad0000 - 0x00007ff9ccae6000 	D:\Android\Android STU\jre\jre\bin\zip.dll
0x00007ff9db8d0000 - 0x00007ff9dcd07000 	C:\WINDOWS\System32\SHELL32.dll
0x00007ff9db130000 - 0x00007ff9db1da000 	C:\WINDOWS\System32\shcore.dll
0x00007ff9d99e0000 - 0x00007ff9da0d2000 	C:\WINDOWS\System32\windows.storage.dll
0x00007ff9db1e0000 - 0x00007ff9db231000 	C:\WINDOWS\System32\shlwapi.dll
0x00007ff9d9350000 - 0x00007ff9d9361000 	C:\WINDOWS\System32\kernel.appcore.dll
0x00007ff9d9370000 - 0x00007ff9d93bc000 	C:\WINDOWS\System32\powrprof.dll
0x00007ff9d9330000 - 0x00007ff9d9345000 	C:\WINDOWS\System32\profapi.dll

VM Arguments:
jvm_args: -Djava.awt.headless=true -Xmx12g -Dfile.encoding=windows-1252 -Duser.country=US -Duser.language=en -Duser.variant 
java_command: com.android.dx.command.Main --dex --force-jumbo --num-threads=4 --multi-dex --output D:\Workspace\tmp_solution\app\build\intermediates\transforms\dex\debug\folders\1000\5\slice_7 D:\Workspace\tmp_solution\app\build\intermediates\transforms\instantRunSlicer\debug\folders\1\5\slice_7
java_class_path (initial): D:\Android\SDK\build-tools\25.0.0\lib\dx.jar
Launcher Type: SUN_STANDARD

Environment Variables:
PATH=C:\WINDOWS\system32;C:\WINDOWS;C:\WINDOWS\System32\Wbem;C:\WINDOWS\System32\WindowsPowerShell\v1.0\;C:\Program Files\Git\cmd;C:\Users\mthu1\AppData\Local\Microsoft\WindowsApps;
USERNAME=mthu1
OS=Windows_NT
PROCESSOR_IDENTIFIER=Intel64 Family 6 Model 158 Stepping 9, GenuineIntel



---------------  S Y S T E M  ---------------

OS: Windows 10.0 , 64 bit Build 15063 (10.0.15063.296)

CPU:total 4 (4 cores per cpu, 1 threads per core) family 6 model 158 stepping 9, cmov, cx8, fxsr, mmx, sse, sse2, sse3, ssse3, sse4.1, sse4.2, popcnt, avx, avx2, aes, clmul, erms, 3dnowpref, lzcnt, tsc, tscinvbit, bmi1, bmi2, adx

Memory: 4k page, physical 8294956k(2321436k free), swap 8294956k(3400k free)

vm_info: OpenJDK 64-Bit Server VM (25.112-b06) for windows-amd64 JRE (1.8.0_112-release-b06), built on Dec  8 2016 00:54:26 by "builder" with MS VC++ 10.0 (VS2010)

time: Sat May 20 13:26:03 2017
elapsed time: 0 seconds (0d 0h 0m 0s)

