#
# A fatal error has been detected by the Java Runtime Environment:
#
#  EXCEPTION_ACCESS_VIOLATION (0xc0000005) at pc=0x000000007151b947, pid=9056, tid=0x0000000000002600
#
# JRE version: OpenJDK Runtime Environment (8.0_112-b06) (build 1.8.0_112-release-b06)
# Java VM: OpenJDK 64-Bit Server VM (25.112-b06 mixed mode windows-amd64 compressed oops)
# Problematic frame:
# V  [jvm.dll+0x1eb947]
#
# Failed to write core dump. Minidumps are not enabled by default on client versions of Windows
#
# If you would like to submit a bug report, please visit:
#   http://bugreport.java.com/bugreport/crash.jsp
#

---------------  T H R E A D  ---------------

Current thread (0x00000000305a4000):  JavaThread "pool-2-thread-2" [_thread_in_vm, id=9728, stack(0x0000000030b50000,0x0000000030c50000)]

siginfo: ExceptionCode=0xc0000005, writing address 0x0000000030c4b960

Registers:
RAX=0x0000000030c4b960, RBX=0x0000000000000005, RCX=0x0000000000004000, RDX=0x0000000000000006
RSP=0x0000000030c4f960, RBP=0x0000000000000000, RSI=0x0000000030c4f960, RDI=0x0000000000000005
R8 =0x0000000000000006, R9 =0x000000003048c5a0, R10=0x000000002e07d8f0, R11=0x0000000030b5a148
R12=0x000000003048c5a0, R13=0x00000000305a4000, R14=0x0000000030c4fa28, R15=0x000000002e07d8f0
RIP=0x000000007151b947, EFLAGS=0x0000000000010206

Top of Stack: (sp=0x0000000030c4f960)
0x0000000030c4f960:   0000000000000000 0000000000000000
0x0000000030c4f970:   00000000305a4000 000000003048c5a0
0x0000000030c4f980:   00000000ffffffff 000000007151c877
0x0000000030c4f990:   0000000030c4fa90 000000002e07d8f0
0x0000000030c4f9a0:   00000000305a4000 00000000713cae33
0x0000000030c4f9b0:   0000000030c4f9f0 00000000305a4000
0x0000000030c4f9c0:   0000000030c4fa80 00000000305a4000
0x0000000030c4f9d0:   000000002e07d8f0 00000000305a4000
0x0000000030c4f9e0:   00000000027a2f40 00000000305a4000
0x0000000030c4f9f0:   000000002e07d8f0 00000000305a4000
0x0000000030c4fa00:   000000002e07d8f0 00000000305a4000
0x0000000030c4fa10:   0000000000000001 000000002e07d8f0
0x0000000030c4fa20:   00000000305a4000 0000000030354a80
0x0000000030c4fa30:   00000000305a4000 00000000713cc31d
0x0000000030c4fa40:   0000000030c4fd48 00000007c00066b0
0x0000000030c4fa50:   00000007c00066b0 0000000000000000 

Instructions: (pc=0x000000007151b947)
0x000000007151b927:   48 89 6c 24 30 33 ed 66 90 e8 cb b8 07 00 ff c3
0x000000007151b937:   48 63 c8 48 8b c6 48 0f af cf 48 ff c7 48 2b c1
0x000000007151b947:   89 28 48 63 c3 48 3b 05 45 2c 57 00 7e db 48 8b
0x000000007151b957:   6c 24 30 48 8b 5c 24 38 48 8b 74 24 40 48 83 c4 


Register to memory mapping:

RAX=0x0000000030c4b960 is pointing into the stack for thread: 0x00000000305a4000
RBX=0x0000000000000005 is an unknown value
RCX=0x0000000000004000 is an unknown value
RDX=0x0000000000000006 is an unknown value
RSP=0x0000000030c4f960 is pointing into the stack for thread: 0x00000000305a4000
RBP=0x0000000000000000 is an unknown value
RSI=0x0000000030c4f960 is pointing into the stack for thread: 0x00000000305a4000
RDI=0x0000000000000005 is an unknown value
R8 =0x0000000000000006 is an unknown value
R9 =0x000000003048c5a0 is an unknown value
R10={method} {0x000000002e07d8f8} 'run' '()V' in 'java/lang/Thread'
R11=0x0000000030b5a148 is pointing into the stack for thread: 0x00000000305a4000
R12=0x000000003048c5a0 is an unknown value
R13=0x00000000305a4000 is a thread
R14=0x0000000030c4fa28 is pointing into the stack for thread: 0x00000000305a4000
R15={method} {0x000000002e07d8f8} 'run' '()V' in 'java/lang/Thread'


Stack: [0x0000000030b50000,0x0000000030c50000],  sp=0x0000000030c4f960,  free space=1022k
