#
# There is insufficient memory for the Java Runtime Environment to continue.
# Native memory allocation (malloc) failed to allocate 32744 bytes for ChunkPool::allocate
# Possible reasons:
#   The system is out of physical RAM or swap space
#   In 32 bit mode, the process size limit was hit
# Possible solutions:
#   Reduce memory load on the system
#   Increase physical memory or swap space
#   Check if swap backing store is full
#   Use 64 bit Java on a 64 bit OS
#   Decrease Java heap size (-Xmx/-Xms)
#   Decrease number of Java threads
#   Decrease Java thread stack sizes (-Xss)
#   Set larger code cache with -XX:ReservedCodeCacheSize=
# This output file may be truncated or incomplete.
#
#  Out of Memory Error (allocation.cpp:273), pid=480, tid=0x00000000000010ac
#
# JRE version: OpenJDK Runtime Environment (8.0_112-b06) (build 1.8.0_112-release-b06)
# Java VM: OpenJDK 64-Bit Server VM (25.112-b06 mixed mode windows-amd64 compressed oops)
# Failed to write core dump. Minidumps are not enabled by default on client versions of Windows
#

---------------  T H R E A D  ---------------

Current thread (0x000000002eb7a000):  JavaThread "C2 CompilerThread1" daemon [_thread_in_native, id=4268, stack(0x00000000302c0000,0x00000000303c0000)]

Stack: [0x00000000302c0000,0x00000000303c0000]
[error occurred during error reporting (printing stack bounds), id 0xc0000005]

Native frames: (J=compiled Java code, j=interpreted, Vv=VM code, C=native code)


Current CompileTask:
C2:    937 1679       4       com.android.dx.ssa.LocalVariableExtractor::processBlock (383 bytes)


---------------  P R O C E S S  ---------------

Java Threads: ( => current thread )
  0x0000000030724000 JavaThread "pool-1-thread-1" [_thread_in_vm, id=2220, stack(0x0000000032790000,0x0000000032890000)]
  0x000000002ebce800 JavaThread "Service Thread" daemon [_thread_blocked, id=9940, stack(0x00000000308c0000,0x00000000309c0000)]
  0x000000002ebca000 JavaThread "C1 CompilerThread2" daemon [_thread_blocked, id=7776, stack(0x00000000303c0000,0x00000000304c0000)]
=>0x000000002eb7a000 JavaThread "C2 CompilerThread1" daemon [_thread_in_native, id=4268, stack(0x00000000302c0000,0x00000000303c0000)]
  0x000000002eb76000 JavaThread "C2 CompilerThread0" daemon [_thread_in_native, id=6320, stack(0x00000000301c0000,0x00000000302c0000)]
  0x000000002eb75000 JavaThread "Attach Listener" daemon [_thread_blocked, id=324, stack(0x00000000300c0000,0x00000000301c0000)]
  0x000000002eb73800 JavaThread "Signal Dispatcher" daemon [_thread_blocked, id=8892, stack(0x000000002ffc0000,0x00000000300c0000)]
  0x0000000002904800 JavaThread "Finalizer" daemon [_thread_blocked, id=6620, stack(0x000000002fdd0000,0x000000002fed0000)]
  0x0000000002901000 JavaThread "Reference Handler" daemon [_thread_blocked, id=9040, stack(0x000000002fcd0000,0x000000002fdd0000)]
  0x0000000002810800 JavaThread "main" [_thread_blocked, id=2800, stack(0x0000000002710000,0x0000000002810000)]

Other Threads:
  0x000000002eb35000 VMThread [stack: 0x000000002fbd0000,0x000000002fcd0000] [id=1484]
  0x00000000304c3800 WatcherThread [stack: 0x00000000309c0000,0x0000000030ac0000] [id=1768]

VM state:not at safepoint (normal execution)

VM Mutex/Monitor currently owned by a thread: None

Heap:
 PSYoungGen      total 71680K, used 40580K [0x00000006c0000000, 0x00000006c4b00000, 0x00000007c0000000)
  eden space 66560K, 53% used [0x00000006c0000000,0x00000006c22a7380,0x00000006c4100000)
  from space 5120K, 99% used [0x00000006c4600000,0x00000006c4af9c98,0x00000006c4b00000)
  to   space 5120K, 0% used [0x00000006c4100000,0x00000006c4100000,0x00000006c4600000)
 ParOldGen       total 87552K, used 5851K [0x00000004c0000000, 0x00000004c5580000, 0x00000006c0000000)
  object space 87552K, 6% used [0x00000004c0000000,0x00000004c05b6d78,0x00000004c5580000)
 Metaspace       used 6092K, capacity 7152K, committed 7296K, reserved 1056768K
  class space    used 570K, capacity 616K, committed 640K, reserved 1048576K

Card table byte_map: [0x0000000011cd0000,0x00000000134e0000] byte_map_base: 0x000000000f6d0000

Marking Bits: (ParMarkBitMap*) 0x0000000071af18f0
 Begin Bits: [0x00000000148e0000, 0x00000000208e0000)
 End Bits:   [0x00000000208e0000, 0x000000002c8e0000)

Polling page: 0x0000000000d40000

CodeCache: size=245760Kb used=6493Kb max_used=6493Kb free=239266Kb
 bounds [0x0000000002910000, 0x0000000002f70000, 0x0000000011910000]
 total_blobs=1942 nmethods=1679 adapters=176
 compilation: enabled

Compilation events (10 events):
Event: 0.891 Thread 0x000000002ebca000 1698       2       com.android.dx.dex.code.OutputCollector::getFinisher (26 bytes)
Event: 0.892 Thread 0x000000002ebca000 nmethod 1698 0x0000000002f6ac90 code [0x0000000002f6ae00, 0x0000000002f6b058]
Event: 0.892 Thread 0x000000002ebca000 1700       2       com.android.dx.dex.code.DalvCode::<init> (68 bytes)
Event: 0.892 Thread 0x000000002ebca000 nmethod 1700 0x0000000002f6b150 code [0x0000000002f6b2e0, 0x0000000002f6b5f8]
Event: 0.892 Thread 0x000000002ebca000 1701       2       com.android.dx.dex.code.OutputCollector::<init> (34 bytes)
Event: 0.892 Thread 0x000000002ebca000 nmethod 1701 0x0000000002f6b750 code [0x0000000002f6b8c0, 0x0000000002f6bb78]
Event: 0.892 Thread 0x000000002ebca000 1702       2       com.android.dx.dex.code.RopTranslator$TranslationVisitor::<init> (15 bytes)
Event: 0.892 Thread 0x000000002ebca000 nmethod 1702 0x0000000002f6bcd0 code [0x0000000002f6be20, 0x0000000002f6bf90]
Event: 0.892 Thread 0x000000002ebca000 1684       2       java.util.HashMap$EntryIterator::<init> (11 bytes)
Event: 0.892 Thread 0x000000002ebca000 nmethod 1684 0x0000000002f6c010 code [0x0000000002f6c180, 0x0000000002f6c308]

GC Heap History (4 events):
Event: 0.574 GC heap before
{Heap before GC invocations=1 (full 0):
 PSYoungGen      total 38400K, used 33280K [0x00000006c0000000, 0x00000006c2a80000, 0x00000007c0000000)
  eden space 33280K, 100% used [0x00000006c0000000,0x00000006c2080000,0x00000006c2080000)
  from space 5120K, 0% used [0x00000006c2580000,0x00000006c2580000,0x00000006c2a80000)
  to   space 5120K, 0% used [0x00000006c2080000,0x00000006c2080000,0x00000006c2580000)
 ParOldGen       total 87552K, used 0K [0x00000004c0000000, 0x00000004c5580000, 0x00000006c0000000)
  object space 87552K, 0% used [0x00000004c0000000,0x00000004c0000000,0x00000004c5580000)
 Metaspace       used 5713K, capacity 6832K, committed 7040K, reserved 1056768K
  class space    used 564K, capacity 616K, committed 640K, reserved 1048576K
Event: 0.584 GC heap after
Heap after GC invocations=1 (full 0):
 PSYoungGen      total 38400K, used 5108K [0x00000006c0000000, 0x00000006c4b00000, 0x00000007c0000000)
  eden space 33280K, 0% used [0x00000006c0000000,0x00000006c0000000,0x00000006c2080000)
  from space 5120K, 99% used [0x00000006c2080000,0x00000006c257d258,0x00000006c2580000)
  to   space 5120K, 0% used [0x00000006c4600000,0x00000006c4600000,0x00000006c4b00000)
 ParOldGen       total 87552K, used 1249K [0x00000004c0000000, 0x00000004c5580000, 0x00000006c0000000)
  object space 87552K, 1% used [0x00000004c0000000,0x00000004c0138498,0x00000004c5580000)
 Metaspace       used 5713K, capacity 6832K, committed 7040K, reserved 1056768K
  class space    used 564K, capacity 616K, committed 640K, reserved 1048576K
}
Event: 0.778 GC heap before
{Heap before GC invocations=2 (full 0):
 PSYoungGen      total 38400K, used 38388K [0x00000006c0000000, 0x00000006c4b00000, 0x00000007c0000000)
  eden space 33280K, 100% used [0x00000006c0000000,0x00000006c2080000,0x00000006c2080000)
  from space 5120K, 99% used [0x00000006c2080000,0x00000006c257d258,0x00000006c2580000)
  to   space 5120K, 0% used [0x00000006c4600000,0x00000006c4600000,0x00000006c4b00000)
 ParOldGen       total 87552K, used 1249K [0x00000004c0000000, 0x00000004c5580000, 0x00000006c0000000)
  object space 87552K, 1% used [0x00000004c0000000,0x00000004c0138498,0x00000004c5580000)
 Metaspace       used 5958K, capacity 7024K, committed 7296K, reserved 1056768K
  class space    used 564K, capacity 616K, committed 640K, reserved 1048576K
Event: 0.790 GC heap after
Heap after GC invocations=2 (full 0):
 PSYoungGen      total 71680K, used 5095K [0x00000006c0000000, 0x00000006c4b00000, 0x00000007c0000000)
  eden space 66560K, 0% used [0x00000006c0000000,0x00000006c0000000,0x00000006c4100000)
  from space 5120K, 99% used [0x00000006c4600000,0x00000006c4af9c98,0x00000006c4b00000)
  to   space 5120K, 0% used [0x00000006c4100000,0x00000006c4100000,0x00000006c4600000)
 ParOldGen       total 87552K, used 5851K [0x00000004c0000000, 0x00000004c5580000, 0x00000006c0000000)
  object space 87552K, 6% used [0x00000004c0000000,0x00000004c05b6d78,0x00000004c5580000)
 Metaspace       used 5958K, capacity 7024K, committed 7296K, reserved 1056768K
  class space    used 564K, capacity 616K, committed 640K, reserved 1048576K
}

Deoptimization events (10 events):
Event: 0.708 Thread 0x0000000030730800 Uncommon trap: reason=unstable_if action=reinterpret pc=0x0000000002bc87e4 method=com.android.dx.ssa.SsaRenamer$BlockRenamer.addMapping(ILcom/android/dx/rop/code/RegisterSpec;)V @ 120
Event: 0.728 Thread 0x0000000030730800 Uncommon trap: reason=bimorphic action=maybe_recompile pc=0x0000000002e70070 method=java.util.HashMap.putVal(ILjava/lang/Object;Ljava/lang/Object;ZZ)Ljava/lang/Object; @ 91
Event: 0.747 Thread 0x0000000030730800 Uncommon trap: reason=unstable_if action=reinterpret pc=0x0000000002ec96e8 method=com.android.dx.ssa.SCCP.simulateBranch(Lcom/android/dx/ssa/SsaInsn;)V @ 64
Event: 0.748 Thread 0x0000000030730800 Uncommon trap: reason=unstable_if action=reinterpret pc=0x0000000002bc25dc method=com.android.dx.ssa.SsaMethod.updateOneDefinition(Lcom/android/dx/ssa/SsaInsn;Lcom/android/dx/rop/code/RegisterSpec;)V @ 4
Event: 0.769 Thread 0x0000000030730800 Uncommon trap: reason=unstable_if action=reinterpret pc=0x0000000002cea19c method=com.android.dx.rop.cst.Constant.compareTo(Lcom/android/dx/rop/cst/Constant;)I @ 12
Event: 0.799 Thread 0x0000000030730800 Uncommon trap: reason=null_check action=make_not_entrant pc=0x0000000002d22fc0 method=com.android.dx.ssa.SsaRenamer.getLocalForNewReg(I)Lcom/android/dx/rop/code/LocalItem; @ 19
Event: 0.837 Thread 0x000000003071e000 Uncommon trap: reason=null_check action=make_not_entrant pc=0x0000000002b69730 method=com.android.dx.rop.type.Type.equals(Ljava/lang/Object;)Z @ 8
Event: 0.847 Thread 0x0000000030730800 Uncommon trap: reason=bimorphic action=maybe_recompile pc=0x0000000002e70070 method=java.util.HashMap.putVal(ILjava/lang/Object;Ljava/lang/Object;ZZ)Ljava/lang/Object; @ 91
Event: 0.864 Thread 0x0000000030730800 Uncommon trap: reason=bimorphic action=maybe_recompile pc=0x0000000002e70070 method=java.util.HashMap.putVal(ILjava/lang/Object;Ljava/lang/Object;ZZ)Ljava/lang/Object; @ 91
Event: 0.864 Thread 0x0000000030730800 Uncommon trap: reason=bimorphic action=maybe_recompile pc=0x0000000002e70070 method=java.util.HashMap.putVal(ILjava/lang/Object;Ljava/lang/Object;ZZ)Ljava/lang/Object; @ 91

Internal exceptions (5 events):
Event: 0.050 Thread 0x0000000002810800 Exception <a 'java/lang/NoSuchMethodError': Method sun.misc.Unsafe.defineClass(Ljava/lang/String;[BII)Ljava/lang/Class; name or signature does not match> (0x00000006c0007c78) thrown at [C:\src\android\AOSP-openjdk\external\jetbrains\jdk\hotspot\src\share\vPz›ˆÎÅ©?
Event: 0.050 Thread 0x0000000002810800 Exception <a 'java/lang/NoSuchMethodError': Method sun.misc.Unsafe.prefetchRead(Ljava/lang/Object;J)V name or signature does not match> (0x00000006c0007f60) thrown at [C:\src\android\AOSP-openjdk\external\jetbrains\jdk\hotspot\src\share\vm\prims\jni.cpp, l∞2*Ê?
Event: 0.688 Thread 0x000000003071e000 Implicit null exception at 0x0000000002cefd2b to 0x0000000002cf1609
Event: 0.799 Thread 0x0000000030730800 Implicit null exception at 0x0000000002d21989 to 0x0000000002d22f8d
Event: 0.837 Thread 0x000000003071e000 Implicit null exception at 0x0000000002b69622 to 0x0000000002b69722

Events (10 events):
Event: 0.887 loading class java/util/HashMap$KeyIterator
Event: 0.887 loading class java/util/HashMap$KeyIterator done
Event: 0.890 Thread 0x000000003071e000 Thread exited: 0x000000003071e000
Event: 0.890 Thread 0x0000000030730800 Thread exited: 0x0000000030730800
Event: 0.890 Thread 0x0000000030731800 Thread exited: 0x0000000030731800
Event: 0.890 Thread 0x0000000030730000 Thread exited: 0x0000000030730000
Event: 0.890 Thread 0x0000000030724000 Thread exited: 0x0000000030724000
Event: 0.890 loading class com/android/dx/command/dexer/Main$DexWriter
Event: 0.890 loading class com/android/dx/command/dexer/Main$DexWriter done
Event: 0.891 Thread 0x0000000030724000 Thread added: 0x0000000030724000


Dynamic libraries:
0x00007ff67f6b0000 - 0x00007ff67f6e1000 	D:\Android\Android STU\jre\bin\java.exe
0x00007ff9dcec0000 - 0x00007ff9dd09b000 	C:\WINDOWS\SYSTEM32\ntdll.dll
0x00007ff9daeb0000 - 0x00007ff9daf5e000 	C:\WINDOWS\System32\KERNEL32.DLL
0x00007ff9d93e0000 - 0x00007ff9d9629000 	C:\WINDOWS\System32\KERNELBASE.dll
0x00007ff9dcdb0000 - 0x00007ff9dce51000 	C:\WINDOWS\System32\ADVAPI32.dll
0x00007ff9db740000 - 0x00007ff9db7dd000 	C:\WINDOWS\System32\msvcrt.dll
0x00007ff9dce60000 - 0x00007ff9dceb9000 	C:\WINDOWS\System32\sechost.dll
0x00007ff9dac30000 - 0x00007ff9dad55000 	C:\WINDOWS\System32\RPCRT4.dll
0x00007ff9db3e0000 - 0x00007ff9db52a000 	C:\WINDOWS\System32\USER32.dll
0x00007ff9d96e0000 - 0x00007ff9d96fe000 	C:\WINDOWS\System32\win32u.dll
0x00007ff9db7e0000 - 0x00007ff9db807000 	C:\WINDOWS\System32\GDI32.dll
0x00007ff9d9750000 - 0x00007ff9d98d9000 	C:\WINDOWS\System32\gdi32full.dll
0x00007ff9d98e0000 - 0x00007ff9d997a000 	C:\WINDOWS\System32\msvcp_win.dll
0x00007ff9da2b0000 - 0x00007ff9da3a6000 	C:\WINDOWS\System32\ucrtbase.dll
0x00007ff9d3550000 - 0x00007ff9d37b7000 	C:\WINDOWS\WinSxS\amd64_microsoft.windows.common-controls_6595b64144ccf1df_6.0.15063.0_none_108e4f62dfe5d999\COMCTL32.dll
0x00007ff9da930000 - 0x00007ff9dac29000 	C:\WINDOWS\System32\combase.dll
0x00007ff9da3b0000 - 0x00007ff9da41a000 	C:\WINDOWS\System32\bcryptPrimitives.dll
0x00007ff9db530000 - 0x00007ff9db55d000 	C:\WINDOWS\System32\IMM32.DLL
0x0000000071250000 - 0x0000000071322000 	D:\Android\Android STU\jre\jre\bin\msvcr100.dll
0x0000000071330000 - 0x0000000071b6c000 	D:\Android\Android STU\jre\jre\bin\server\jvm.dll
0x00007ff9da8c0000 - 0x00007ff9da8c8000 	C:\WINDOWS\System32\PSAPI.DLL
0x00007ff9cd9c0000 - 0x00007ff9cd9c9000 	C:\WINDOWS\SYSTEM32\WSOCK32.dll
0x00007ff9db6d0000 - 0x00007ff9db73c000 	C:\WINDOWS\System32\WS2_32.dll
0x00007ff9d23a0000 - 0x00007ff9d23c3000 	C:\WINDOWS\SYSTEM32\WINMM.dll
0x00007ff9d4580000 - 0x00007ff9d458a000 	C:\WINDOWS\SYSTEM32\VERSION.dll
0x00007ff9cfe50000 - 0x00007ff9cfe7b000 	C:\WINDOWS\SYSTEM32\WINMMBASE.dll
0x00007ff9d9700000 - 0x00007ff9d9749000 	C:\WINDOWS\System32\cfgmgr32.dll
0x00007ff9d6030000 - 0x00007ff9d603f000 	D:\Android\Android STU\jre\jre\bin\verify.dll
0x00007ff9d48c0000 - 0x00007ff9d48e9000 	D:\Android\Android STU\jre\jre\bin\java.dll
0x00007ff9d4540000 - 0x00007ff9d4556000 	D:\Android\Android STU\jre\jre\bin\zip.dll
0x00007ff9db8d0000 - 0x00007ff9dcd07000 	C:\WINDOWS\System32\SHELL32.dll
0x00007ff9db130000 - 0x00007ff9db1da000 	C:\WINDOWS\System32\shcore.dll
0x00007ff9d99e0000 - 0x00007ff9da0d2000 	C:\WINDOWS\System32\windows.storage.dll
0x00007ff9db1e0000 - 0x00007ff9db231000 	C:\WINDOWS\System32\shlwapi.dll
0x00007ff9d9350000 - 0x00007ff9d9361000 	C:\WINDOWS\System32\kernel.appcore.dll
0x00007ff9d9370000 - 0x00007ff9d93bc000 	C:\WINDOWS\System32\powrprof.dll
0x00007ff9d9330000 - 0x00007ff9d9345000 	C:\WINDOWS\System32\profapi.dll

VM Arguments:
jvm_args: -Djava.awt.headless=true -Xmx12g -Dfile.encoding=windows-1252 -Duser.country=US -Duser.language=en -Duser.variant 
java_command: com.android.dx.command.Main --dex --num-threads=4 --multi-dex --output D:\Workspace\tmp_solution\app\build\intermediates\transforms\dex\debug\folders\1000\10\classes_f52c7e9e0eb79564979c7f0a876d0f16b4068cc6 C:\Users\mthu1\.android\build-cache\564ffdd5ec9e50fd95ca5fc157ee8bc7a461ad3d\output\jars\classes.jar
java_class_path (initial): D:\Android\SDK\build-tools\25.0.0\lib\dx.jar
Launcher Type: SUN_STANDARD

Environment Variables:
PATH=C:\ProgramData\Oracle\Java\javapath;C:\WINDOWS\system32;C:\WINDOWS;C:\WINDOWS\System32\Wbem;C:\WINDOWS\System32\WindowsPowerShell\v1.0\;C:\Program Files\Git\cmd;C:\Program Files (x86)\GtkSharp\2.12\bin;C:\Users\mthu1\AppData\Local\Microsoft\WindowsApps;
USERNAME=mthu1
OS=Windows_NT
PROCESSOR_IDENTIFIER=Intel64 Family 6 Model 158 Stepping 9, GenuineIntel



---------------  S Y S T E M  ---------------

OS: Windows 10.0 , 64 bit Build 15063 (10.0.15063.296)

CPU:total 4 (4 cores per cpu, 1 threads per core) family 6 model 158 stepping 9, cmov, cx8, fxsr, mmx, sse, sse2, sse3, ssse3, sse4.1, sse4.2, popcnt, avx, avx2, aes, clmul, erms, 3dnowpref, lzcnt, tsc, tscinvbit, bmi1, bmi2, adx

Memory: 4k page, physical 8294956k(2375636k free), swap 8294956k(5128k free)

vm_info: OpenJDK 64-Bit Server VM (25.112-b06) for windows-amd64 JRE (1.8.0_112-release-b06), built on Dec  8 2016 00:54:26 by "builder" with MS VC++ 10.0 (VS2010)

time: Mon May 22 14:02:34 2017
elapsed time: 0 seconds (0d 0h 0m 0s)

