#
# There is insufficient memory for the Java Runtime Environment to continue.
# Native memory allocation (malloc) failed to allocate 448336 bytes for Chunk::new
# Possible reasons:
#   The system is out of physical RAM or swap space
#   In 32 bit mode, the process size limit was hit
# Possible solutions:
#   Reduce memory load on the system
#   Increase physical memory or swap space
#   Check if swap backing store is full
#   Use 64 bit Java on a 64 bit OS
#   Decrease Java heap size (-Xmx/-Xms)
#   Decrease number of Java threads
#   Decrease Java thread stack sizes (-Xss)
#   Set larger code cache with -XX:ReservedCodeCacheSize=
# This output file may be truncated or incomplete.
#
#  Out of Memory Error (allocation.cpp:390), pid=1124, tid=0x0000000000000828
#
# JRE version: OpenJDK Runtime Environment (8.0_112-b06) (build 1.8.0_112-release-b06)
# Java VM: OpenJDK 64-Bit Server VM (25.112-b06 mixed mode windows-amd64 compressed oops)
# Failed to write core dump. Minidumps are not enabled by default on client versions of Windows
#

---------------  T H R E A D  ---------------

Current thread (0x000000002f27a800):  JavaThread "C2 CompilerThread0" daemon [_thread_in_native, id=2088, stack(0x00000000308c0000,0x00000000309c0000)]

Stack: [0x00000000308c0000,0x00000000309c0000]
[error occurred during error reporting (printing stack bounds), id 0xc0000005]

Native frames: (J=compiled Java code, j=interpreted, Vv=VM code, C=native code)


Current CompileTask:
C2:    797 1382       4       com.android.dx.ssa.SCCP::simulateBranch (666 bytes)


---------------  P R O C E S S  ---------------

Java Threads: ( => current thread )
  0x0000000030e53000 JavaThread "pool-2-thread-4" [_thread_blocked, id=6936, stack(0x00000000315c0000,0x00000000316c0000)]
  0x0000000030e44800 JavaThread "pool-2-thread-3" [_thread_blocked, id=5316, stack(0x00000000314c0000,0x00000000315c0000)]
  0x0000000030e43000 JavaThread "pool-2-thread-2" [_thread_in_Java, id=9500, stack(0x00000000313c0000,0x00000000314c0000)]
  0x0000000030e40000 JavaThread "pool-3-thread-1" [_thread_blocked, id=7480, stack(0x00000000312c0000,0x00000000313c0000)]
  0x0000000030e3f800 JavaThread "pool-2-thread-1" [_thread_blocked, id=2140, stack(0x00000000311c0000,0x00000000312c0000)]
  0x0000000030bc0800 JavaThread "Service Thread" daemon [_thread_blocked, id=5140, stack(0x0000000030fc0000,0x00000000310c0000)]
  0x000000002f2da000 JavaThread "C1 CompilerThread2" daemon [_thread_in_vm, id=6536, stack(0x0000000030ac0000,0x0000000030bc0000)]
  0x000000002f27e000 JavaThread "C2 CompilerThread1" daemon [_thread_in_native, id=8692, stack(0x00000000309c0000,0x0000000030ac0000)]
=>0x000000002f27a800 JavaThread "C2 CompilerThread0" daemon [_thread_in_native, id=2088, stack(0x00000000308c0000,0x00000000309c0000)]
  0x000000002f279000 JavaThread "Attach Listener" daemon [_thread_blocked, id=9920, stack(0x00000000307c0000,0x00000000308c0000)]
  0x000000002f277800 JavaThread "Signal Dispatcher" daemon [_thread_blocked, id=1680, stack(0x00000000306c0000,0x00000000307c0000)]
  0x000000000310b000 JavaThread "Finalizer" daemon [_thread_blocked, id=3920, stack(0x00000000304d0000,0x00000000305d0000)]
  0x000000002f247000 JavaThread "Reference Handler" daemon [_thread_blocked, id=3100, stack(0x00000000303d0000,0x00000000304d0000)]
  0x0000000003010800 JavaThread "main" [_thread_blocked, id=4048, stack(0x0000000002f10000,0x0000000003010000)]

Other Threads:
  0x000000002f245000 VMThread [stack: 0x00000000302d0000,0x00000000303d0000] [id=2904]
  0x0000000030bc1800 WatcherThread [stack: 0x00000000310c0000,0x00000000311c0000] [id=8184]

VM state:not at safepoint (normal execution)

VM Mutex/Monitor currently owned by a thread: None

Heap:
 PSYoungGen      total 71680K, used 21311K [0x00000006c0000000, 0x00000006c4b00000, 0x00000007c0000000)
  eden space 66560K, 24% used [0x00000006c0000000,0x00000006c0fd7be8,0x00000006c4100000)
  from space 5120K, 99% used [0x00000006c4600000,0x00000006c4af8028,0x00000006c4b00000)
  to   space 5120K, 0% used [0x00000006c4100000,0x00000006c4100000,0x00000006c4600000)
 ParOldGen       total 87552K, used 5668K [0x00000004c0000000, 0x00000004c5580000, 0x00000006c0000000)
  object space 87552K, 6% used [0x00000004c0000000,0x00000004c05893b0,0x00000004c5580000)
 Metaspace       used 6170K, capacity 7026K, committed 7296K, reserved 1056768K
  class space    used 592K, capacity 618K, committed 640K, reserved 1048576K

Card table byte_map: [0x00000000124d0000,0x0000000013ce0000] byte_map_base: 0x000000000fed0000

Marking Bits: (ParMarkBitMap*) 0x0000000071af18f0
 Begin Bits: [0x00000000150e0000, 0x00000000210e0000)
 End Bits:   [0x00000000210e0000, 0x000000002d0e0000)

Polling page: 0x0000000001580000

CodeCache: size=245760Kb used=5795Kb max_used=5795Kb free=239964Kb
 bounds [0x0000000003110000, 0x00000000036c0000, 0x0000000012110000]
 total_blobs=1784 nmethods=1516 adapters=182
 compilation: enabled

Compilation events (10 events):
Event: 0.794 Thread 0x000000002f2da000 nmethod 1531 0x00000000036b4310 code [0x00000000036b44e0, 0x00000000036b49a8]
Event: 0.794 Thread 0x000000002f2da000 1540 %     3       com.android.dx.ssa.back.LivenessAnalyzer::coInterferePhis @ 8 (128 bytes)
Event: 0.795 Thread 0x000000002f2da000 nmethod 1540% 0x00000000036b4d50 code [0x00000000036b4fe0, 0x00000000036b6388]
Event: 0.795 Thread 0x000000002f2da000 1532       2       com.android.dx.cf.code.Ropper::<init> (213 bytes)
Event: 0.796 Thread 0x000000002f2da000 nmethod 1532 0x00000000036b6d50 code [0x00000000036b6fa0, 0x00000000036b7c78]
Event: 0.796 Thread 0x000000002f2da000 1533       2       com.android.dx.cf.code.BasicBlocker::identifyBlocks (18 bytes)
Event: 0.796 Thread 0x000000002f2da000 nmethod 1533 0x00000000036b8610 code [0x00000000036b8780, 0x00000000036b8968]
Event: 0.796 Thread 0x000000002f2da000 1534       2       com.android.dx.cf.code.BasicBlocker::<init> (79 bytes)
Event: 0.796 Thread 0x000000002f2da000 nmethod 1534 0x00000000036b8a50 code [0x00000000036b8be0, 0x00000000036b9148]
Event: 0.796 Thread 0x000000002f2da000 1536       2       com.android.dx.cf.code.Simulator::<init> (66 bytes)

GC Heap History (4 events):
Event: 0.428 GC heap before
{Heap before GC invocations=1 (full 0):
 PSYoungGen      total 38400K, used 33280K [0x00000006c0000000, 0x00000006c2a80000, 0x00000007c0000000)
  eden space 33280K, 100% used [0x00000006c0000000,0x00000006c2080000,0x00000006c2080000)
  from space 5120K, 0% used [0x00000006c2580000,0x00000006c2580000,0x00000006c2a80000)
  to   space 5120K, 0% used [0x00000006c2080000,0x00000006c2080000,0x00000006c2580000)
 ParOldGen       total 87552K, used 0K [0x00000004c0000000, 0x00000004c5580000, 0x00000006c0000000)
  object space 87552K, 0% used [0x00000004c0000000,0x00000004c0000000,0x00000004c5580000)
 Metaspace       used 5755K, capacity 6768K, committed 7040K, reserved 1056768K
  class space    used 572K, capacity 616K, committed 640K, reserved 1048576K
Event: 0.437 GC heap after
Heap after GC invocations=1 (full 0):
 PSYoungGen      total 38400K, used 5114K [0x00000006c0000000, 0x00000006c4b00000, 0x00000007c0000000)
  eden space 33280K, 0% used [0x00000006c0000000,0x00000006c0000000,0x00000006c2080000)
  from space 5120K, 99% used [0x00000006c2080000,0x00000006c257eac8,0x00000006c2580000)
  to   space 5120K, 0% used [0x00000006c4600000,0x00000006c4600000,0x00000006c4b00000)
 ParOldGen       total 87552K, used 1430K [0x00000004c0000000, 0x00000004c5580000, 0x00000006c0000000)
  object space 87552K, 1% used [0x00000004c0000000,0x00000004c0165b50,0x00000004c5580000)
 Metaspace       used 5755K, capacity 6768K, committed 7040K, reserved 1056768K
  class space    used 572K, capacity 616K, committed 640K, reserved 1048576K
}
Event: 0.713 GC heap before
{Heap before GC invocations=2 (full 0):
 PSYoungGen      total 38400K, used 38394K [0x00000006c0000000, 0x00000006c4b00000, 0x00000007c0000000)
  eden space 33280K, 100% used [0x00000006c0000000,0x00000006c2080000,0x00000006c2080000)
  from space 5120K, 99% used [0x00000006c2080000,0x00000006c257eac8,0x00000006c2580000)
  to   space 5120K, 0% used [0x00000006c4600000,0x00000006c4600000,0x00000006c4b00000)
 ParOldGen       total 87552K, used 1430K [0x00000004c0000000, 0x00000004c5580000, 0x00000006c0000000)
  object space 87552K, 1% used [0x00000004c0000000,0x00000004c0165b50,0x00000004c5580000)
 Metaspace       used 6135K, capacity 7026K, committed 7296K, reserved 1056768K
  class space    used 592K, capacity 618K, committed 640K, reserved 1048576K
Event: 0.744 GC heap after
Heap after GC invocations=2 (full 0):
 PSYoungGen      total 71680K, used 5088K [0x00000006c0000000, 0x00000006c4b00000, 0x00000007c0000000)
  eden space 66560K, 0% used [0x00000006c0000000,0x00000006c0000000,0x00000006c4100000)
  from space 5120K, 99% used [0x00000006c4600000,0x00000006c4af8028,0x00000006c4b00000)
  to   space 5120K, 0% used [0x00000006c4100000,0x00000006c4100000,0x00000006c4600000)
 ParOldGen       total 87552K, used 5668K [0x00000004c0000000, 0x00000004c5580000, 0x00000006c0000000)
  object space 87552K, 6% used [0x00000004c0000000,0x00000004c05893b0,0x00000004c5580000)
 Metaspace       used 6135K, capacity 7026K, committed 7296K, reserved 1056768K
  class space    used 592K, capacity 618K, committed 640K, reserved 1048576K
}

Deoptimization events (10 events):
Event: 0.306 Thread 0x0000000030e44800 Uncommon trap: reason=bimorphic action=maybe_recompile pc=0x000000000337bec4 method=java.util.HashMap.getNode(ILjava/lang/Object;)Ljava/util/HashMap$Node; @ 126
Event: 0.306 Thread 0x0000000030e44800 Uncommon trap: reason=bimorphic action=maybe_recompile pc=0x000000000337bec4 method=java.util.HashMap.getNode(ILjava/lang/Object;)Ljava/util/HashMap$Node; @ 126
Event: 0.340 Thread 0x0000000030e43000 Uncommon trap: reason=unstable_if action=reinterpret pc=0x00000000033f5fe4 method=com.android.dx.rop.code.RegisterSpec.equals(ILcom/android/dx/rop/type/TypeBearer;Lcom/android/dx/rop/code/LocalItem;)Z @ 42
Event: 0.345 Thread 0x0000000030e43000 Uncommon trap: reason=null_check action=make_not_entrant pc=0x00000000034033b4 method=com.android.dx.ssa.SsaRenamer.getLocalForNewReg(I)Lcom/android/dx/rop/code/LocalItem; @ 19
Event: 0.346 Thread 0x0000000030e43000 Uncommon trap: reason=null_check action=make_not_entrant pc=0x00000000033f02f4 method=com.android.dx.ssa.SsaRenamer.getLocalForNewReg(I)Lcom/android/dx/rop/code/LocalItem; @ 19
Event: 0.415 Thread 0x0000000030e43000 Uncommon trap: reason=bimorphic action=maybe_recompile pc=0x000000000337bec4 method=java.util.HashMap.getNode(ILjava/lang/Object;)Ljava/util/HashMap$Node; @ 126
Event: 0.460 Thread 0x0000000003010800 Uncommon trap: reason=unstable_if action=reinterpret pc=0x00000000033fa3c8 method=java.util.HashMap.putVal(ILjava/lang/Object;Ljava/lang/Object;ZZ)Ljava/lang/Object; @ 162
Event: 0.478 Thread 0x0000000003010800 Uncommon trap: reason=unstable_if action=reinterpret pc=0x000000000337beac method=java.util.HashMap.getNode(ILjava/lang/Object;)Ljava/util/HashMap$Node; @ 84
Event: 0.485 Thread 0x0000000003010800 Uncommon trap: reason=bimorphic action=maybe_recompile pc=0x000000000337982c method=java.util.HashMap.getNode(ILjava/lang/Object;)Ljava/util/HashMap$Node; @ 126
Event: 0.785 Thread 0x0000000030e3f800 Uncommon trap: reason=unstable_if action=reinterpret pc=0x00000000034f34e0 method=java.util.HashMap.putVal(ILjava/lang/Object;Ljava/lang/Object;ZZ)Ljava/lang/Object; @ 109

Internal exceptions (7 events):
Event: 0.022 Thread 0x0000000003010800 Exception <a 'java/lang/NoSuchMethodError': Method sun.misc.Unsafe.defineClass(Ljava/lang/String;[BII)Ljava/lang/Class; name or signature does not match> (0x00000006c0007c78) thrown at [C:\src\android\AOSP-openjdk\external\jetbrains\jdk\hotspot\src\share\vÆ­FB`–?
Event: 0.022 Thread 0x0000000003010800 Exception <a 'java/lang/NoSuchMethodError': Method sun.misc.Unsafe.prefetchRead(Ljava/lang/Object;J)V name or signature does not match> (0x00000006c0007f60) thrown at [C:\src\android\AOSP-openjdk\external\jetbrains\jdk\hotspot\src\share\vm\prims\jni.cpp, l†)ð</Ö?
Event: 0.345 Thread 0x0000000030e43000 Implicit null exception at 0x0000000003400d4d to 0x0000000003403369
Event: 0.346 Thread 0x0000000030e43000 Implicit null exception at 0x00000000033ee003 to 0x00000000033f02d5
Event: 0.477 Thread 0x0000000003010800 Exception <a 'java/lang/ArrayIndexOutOfBoundsException': 18> (0x00000006c0051660) thrown at [C:\src\android\AOSP-openjdk\external\jetbrains\jdk\hotspot\src\share\vm\interpreter\interpreterRuntime.cpp, line 366]
Event: 0.477 Thread 0x0000000003010800 Exception <a 'java/lang/ArrayIndexOutOfBoundsException': 145> (0x00000006c00531e0) thrown at [C:\src\android\AOSP-openjdk\external\jetbrains\jdk\hotspot\src\share\vm\interpreter\interpreterRuntime.cpp, line 366]
Event: 0.478 Thread 0x0000000003010800 Exception <a 'java/lang/ArrayIndexOutOfBoundsException'> (0x00000006c00544c8) thrown at [C:\src\android\AOSP-openjdk\external\jetbrains\jdk\hotspot\src\share\vm\runtime\sharedRuntime.cpp, line 605]

Events (10 events):
Event: 0.688 loading class com/android/dx/cf/code/SwitchList done
Event: 0.704 Thread 0x0000000030e3f800 DEOPT PACKING pc=0x00000000034f8744 sp=0x00000000312be940
Event: 0.704 Thread 0x0000000030e3f800 DEOPT UNPACKING pc=0x00000000031575bf sp=0x00000000312be6a8 mode 0
Event: 0.713 Executing VM operation: ParallelGCFailedAllocation
Event: 0.744 Executing VM operation: ParallelGCFailedAllocation done
Event: 0.785 Thread 0x0000000030e3f800 DEOPT PACKING pc=0x00000000034f8744 sp=0x00000000312be940
Event: 0.785 Thread 0x0000000030e3f800 DEOPT UNPACKING pc=0x00000000031575bf sp=0x00000000312be6a8 mode 0
Event: 0.785 Thread 0x0000000030e3f800 Uncommon trap: trap_request=0xffffff65 fr.pc=0x00000000034f34e0
Event: 0.785 Thread 0x0000000030e3f800 DEOPT PACKING pc=0x00000000034f34e0 sp=0x00000000312be830
Event: 0.785 Thread 0x0000000030e3f800 DEOPT UNPACKING pc=0x000000000315556a sp=0x00000000312be558 mode 2


Dynamic libraries:
0x00007ff67f6b0000 - 0x00007ff67f6e1000 	D:\Android\Android STU\jre\bin\java.exe
0x00007ff9dcec0000 - 0x00007ff9dd09b000 	C:\WINDOWS\SYSTEM32\ntdll.dll
0x00007ff9daeb0000 - 0x00007ff9daf5e000 	C:\WINDOWS\System32\KERNEL32.DLL
0x00007ff9d93e0000 - 0x00007ff9d9629000 	C:\WINDOWS\System32\KERNELBASE.dll
0x00007ff9dcdb0000 - 0x00007ff9dce51000 	C:\WINDOWS\System32\ADVAPI32.dll
0x00007ff9db740000 - 0x00007ff9db7dd000 	C:\WINDOWS\System32\msvcrt.dll
0x00007ff9dce60000 - 0x00007ff9dceb9000 	C:\WINDOWS\System32\sechost.dll
0x00007ff9dac30000 - 0x00007ff9dad55000 	C:\WINDOWS\System32\RPCRT4.dll
0x00007ff9db3e0000 - 0x00007ff9db52a000 	C:\WINDOWS\System32\USER32.dll
0x00007ff9d96e0000 - 0x00007ff9d96fe000 	C:\WINDOWS\System32\win32u.dll
0x00007ff9db7e0000 - 0x00007ff9db807000 	C:\WINDOWS\System32\GDI32.dll
0x00007ff9d9750000 - 0x00007ff9d98d9000 	C:\WINDOWS\System32\gdi32full.dll
0x00007ff9d98e0000 - 0x00007ff9d997a000 	C:\WINDOWS\System32\msvcp_win.dll
0x00007ff9da2b0000 - 0x00007ff9da3a6000 	C:\WINDOWS\System32\ucrtbase.dll
0x00007ff9d3550000 - 0x00007ff9d37b7000 	C:\WINDOWS\WinSxS\amd64_microsoft.windows.common-controls_6595b64144ccf1df_6.0.15063.0_none_108e4f62dfe5d999\COMCTL32.dll
0x00007ff9da930000 - 0x00007ff9dac29000 	C:\WINDOWS\System32\combase.dll
0x00007ff9da3b0000 - 0x00007ff9da41a000 	C:\WINDOWS\System32\bcryptPrimitives.dll
0x00007ff9db530000 - 0x00007ff9db55d000 	C:\WINDOWS\System32\IMM32.DLL
0x0000000071250000 - 0x0000000071322000 	D:\Android\Android STU\jre\jre\bin\msvcr100.dll
0x0000000071330000 - 0x0000000071b6c000 	D:\Android\Android STU\jre\jre\bin\server\jvm.dll
0x00007ff9da8c0000 - 0x00007ff9da8c8000 	C:\WINDOWS\System32\PSAPI.DLL
0x00007ff9cd9c0000 - 0x00007ff9cd9c9000 	C:\WINDOWS\SYSTEM32\WSOCK32.dll
0x00007ff9db6d0000 - 0x00007ff9db73c000 	C:\WINDOWS\System32\WS2_32.dll
0x00007ff9d23a0000 - 0x00007ff9d23c3000 	C:\WINDOWS\SYSTEM32\WINMM.dll
0x00007ff9d4580000 - 0x00007ff9d458a000 	C:\WINDOWS\SYSTEM32\VERSION.dll
0x00007ff9cfe50000 - 0x00007ff9cfe7b000 	C:\WINDOWS\SYSTEM32\WINMMBASE.dll
0x00007ff9d9700000 - 0x00007ff9d9749000 	C:\WINDOWS\System32\cfgmgr32.dll
0x00007ff9d6030000 - 0x00007ff9d603f000 	D:\Android\Android STU\jre\jre\bin\verify.dll
0x00007ff9d48c0000 - 0x00007ff9d48e9000 	D:\Android\Android STU\jre\jre\bin\java.dll
0x00007ff9d4540000 - 0x00007ff9d4556000 	D:\Android\Android STU\jre\jre\bin\zip.dll
0x00007ff9db8d0000 - 0x00007ff9dcd07000 	C:\WINDOWS\System32\SHELL32.dll
0x00007ff9db130000 - 0x00007ff9db1da000 	C:\WINDOWS\System32\shcore.dll
0x00007ff9d99e0000 - 0x00007ff9da0d2000 	C:\WINDOWS\System32\windows.storage.dll
0x00007ff9db1e0000 - 0x00007ff9db231000 	C:\WINDOWS\System32\shlwapi.dll
0x00007ff9d9350000 - 0x00007ff9d9361000 	C:\WINDOWS\System32\kernel.appcore.dll
0x00007ff9d9370000 - 0x00007ff9d93bc000 	C:\WINDOWS\System32\powrprof.dll
0x00007ff9d9330000 - 0x00007ff9d9345000 	C:\WINDOWS\System32\profapi.dll

VM Arguments:
jvm_args: -Djava.awt.headless=true -Xmx12g -Dfile.encoding=windows-1252 -Duser.country=US -Duser.language=en -Duser.variant 
java_command: com.android.dx.command.Main --dex --num-threads=4 --multi-dex --output D:\Workspace\tmp_solution\app\build\intermediates\transforms\dex\debug\folders\1000\10\okhttp-3.6.0_70d1ac04fd636e9c49959aabba22eaecbb7b9a86 C:\Users\mthu1\.gradle\caches\modules-2\files-2.1\com.squareup.okhttp3\okhttp\3.6.0\69edde9fc4b01c9fd51d25b83428837478c27254\okhttp-3.6.0.jar
java_class_path (initial): D:\Android\SDK\build-tools\25.0.0\lib\dx.jar
Launcher Type: SUN_STANDARD

Environment Variables:
PATH=C:\ProgramData\Oracle\Java\javapath;C:\WINDOWS\system32;C:\WINDOWS;C:\WINDOWS\System32\Wbem;C:\WINDOWS\System32\WindowsPowerShell\v1.0\;C:\Program Files\Git\cmd;C:\Program Files (x86)\GtkSharp\2.12\bin;C:\Users\mthu1\AppData\Local\Microsoft\WindowsApps;
USERNAME=mthu1
OS=Windows_NT
PROCESSOR_IDENTIFIER=Intel64 Family 6 Model 158 Stepping 9, GenuineIntel



---------------  S Y S T E M  ---------------

OS: Windows 10.0 , 64 bit Build 15063 (10.0.15063.296)

CPU:total 4 (4 cores per cpu, 1 threads per core) family 6 model 158 stepping 9, cmov, cx8, fxsr, mmx, sse, sse2, sse3, ssse3, sse4.1, sse4.2, popcnt, avx, avx2, aes, clmul, erms, 3dnowpref, lzcnt, tsc, tscinvbit, bmi1, bmi2, adx

Memory: 4k page, physical 8294956k(2353736k free), swap 8294956k(4304k free)

vm_info: OpenJDK 64-Bit Server VM (25.112-b06) for windows-amd64 JRE (1.8.0_112-release-b06), built on Dec  8 2016 00:54:26 by "builder" with MS VC++ 10.0 (VS2010)

time: Mon May 22 14:02:30 2017
elapsed time: 0 seconds (0d 0h 0m 0s)

