JvmtiExport can_access_local_variables 0
JvmtiExport can_hotswap_or_post_breakpoint 0
JvmtiExport can_post_on_exceptions 0
# 233 ciObject found
ciMethod java/lang/Object <init> ()V 4097 1 348803 0 0
ciMethod java/lang/Object hashCode ()I 2049 1 256 0 -1
ciMethod java/lang/Object equals (Ljava/lang/Object;)Z 4097 1 10333 0 64
ciMethod java/lang/System arraycopy (Ljava/lang/Object;ILjava/lang/Object;II)V 4097 1 512 0 -1
ciMethod java/util/ArrayList size ()I 1113 1 139 0 0
ciMethod java/util/ArrayList elementData (I)Ljava/lang/Object; 1913 1 276528 0 0
ciMethod java/util/ArrayList get (I)Ljava/lang/Object; 1913 1 265413 0 128
ciMethod java/util/ArrayList add (Ljava/lang/Object;)Z 337 1 54970 0 -1
ciMethod java/util/ArrayList remove (I)Ljava/lang/Object; 4097 1 6569 0 384
ciMethod java/util/ArrayList remove (Ljava/lang/Object;)Z 4369 6057 4889 0 0
ciMethod java/util/ArrayList fastRemove (I)V 4097 1 4889 0 0
ciMethod java/util/ArrayList rangeCheck (I)V 1913 1 276725 0 64
ciMethod java/util/ArrayList iterator ()Ljava/util/Iterator; 2129 1 24590 0 192
ciMethod java/util/ArrayList access$100 (Ljava/util/ArrayList;)I 1457 1 182 0 0
ciMethod java/util/Set contains (Ljava/lang/Object;)Z 0 0 1 0 -1
ciMethod java/util/HashMap hash (Ljava/lang/Object;)I 2049 1 49313 0 -1
ciMethod java/util/HashMap getNode (ILjava/lang/Object;)Ljava/util/HashMap$Node; 2145 25 15697 0 -1
ciMethod java/util/HashMap containsKey (Ljava/lang/Object;)Z 97 1 8542 0 -1
ciMethod java/util/Iterator hasNext ()Z 0 0 1 0 -1
ciMethod java/util/Iterator next ()Ljava/lang/Object; 0 0 1 0 -1
ciMethodData java/lang/Object <init> ()V 2 348805 orig 264 8 110 252 110 0 0 0 0 128 4 65 46 0 0 0 0 32 1 0 0 0 0 0 0 0 0 0 0 0 0 0 0 0 0 0 0 0 0 0 0 0 0 0 0 0 0 0 0 0 0 0 0 0 0 0 0 0 0 0 0 0 0 0 0 0 0 0 0 0 0 0 0 0 0 0 0 0 0 0 0 77 68 79 32 101 120 116 114 97 32 100 97 116 97 32 108 111 99 107 0 0 0 0 0 0 0 0 0 0 0 0 0 0 0 0 0 0 0 0 0 0 0 0 0 0 0 0 0 0 0 0 0 0 0 0 0 0 0 0 0 0 0 0 0 0 0 0 0 0 0 0 0 0 0 0 0 0 0 0 0 0 0 0 0 0 0 0 0 0 0 0 0 0 0 0 0 0 0 0 0 0 0 0 0 1 0 0 0 0 0 0 0 1 0 0 0 0 0 0 0 1 0 0 0 0 0 0 0 0 0 0 0 0 0 0 0 0 2 0 0 41 132 42 0 1 0 0 0 0 0 0 0 0 0 0 0 2 0 0 0 0 0 3 0 1 0 0 0 0 0 0 0 255 255 255 255 0 0 0 0 0 0 0 0 data 0 oops 0
ciMethod java/util/BitSet nextSetBit (I)I 2065 1 6121 0 -1
ciMethod java/util/HashSet contains (Ljava/lang/Object;)Z 2097 1 8521 0 2208
ciMethodData java/util/HashMap hash (Ljava/lang/Object;)I 2 49313 orig 264 8 110 252 110 0 0 0 0 96 118 79 46 0 0 0 0 176 1 0 0 32 0 0 0 0 0 0 0 0 0 0 0 0 0 0 0 0 0 0 0 0 0 0 0 0 0 0 0 0 0 0 0 0 0 0 0 0 0 0 0 0 0 0 0 0 0 0 0 0 0 0 0 0 0 0 0 0 0 0 0 77 68 79 32 101 120 116 114 97 32 100 97 116 97 32 108 111 99 107 0 0 0 0 0 0 0 0 0 0 0 0 0 0 0 0 0 0 0 0 0 0 0 0 0 0 0 0 0 0 0 0 0 0 0 0 0 0 0 0 0 0 0 0 0 0 0 0 0 0 0 0 0 0 0 0 0 0 0 0 0 0 0 0 0 0 0 0 0 0 0 0 0 0 0 0 0 0 0 0 0 0 0 0 0 0 0 0 0 0 0 0 0 0 0 0 0 0 0 0 0 0 0 0 0 0 0 0 0 0 0 0 0 0 0 0 0 0 1 0 0 9 253 5 0 1 0 0 0 0 0 0 0 0 0 0 0 2 0 0 0 0 0 6 0 2 0 0 0 104 0 0 0 255 255 255 255 7 0 1 0 0 0 0 0 data 13 0x10007 0xbfa2 0x38 0x0 0x50003 0x0 0x48 0x90005 0x59b4 0x2a59f60 0x3c 0x2a598a0 0x2f05 oops 2